Using pre-set license
Built from '2022.3/staging' branch; Version is '2022.3.27f1 (73effa14754f) revision 7598074'; Using compiler version '192829333'; Build Type 'Release'
OS: 'Windows 10  (10.0.19045) 64bit Professional' Language: 'ru' Physical Memory: 15578 MB
BatchMode: 1, IsHumanControllingUs: 0, StartBugReporterOnCrash: 0, Is64bit: 1, IsPro: 1

COMMAND LINE ARGUMENTS:
D:\2022.3.27f1\Editor\Unity.exe
-adb2
-batchMode
-noUpm
-name
AssetImportWorker2
-projectPath
D:/TechDesignTestProject
-logFile
Logs/AssetImportWorker2.log
-srvPort
63469
Successfully changed project path to: D:/TechDesignTestProject
D:/TechDesignTestProject
[UnityMemory] Configuration Parameters - Can be set up in boot.config
    "memorysetup-bucket-allocator-granularity=16"
    "memorysetup-bucket-allocator-bucket-count=8"
    "memorysetup-bucket-allocator-block-size=33554432"
    "memorysetup-bucket-allocator-block-count=8"
    "memorysetup-main-allocator-block-size=16777216"
    "memorysetup-thread-allocator-block-size=16777216"
    "memorysetup-gfx-main-allocator-block-size=16777216"
    "memorysetup-gfx-thread-allocator-block-size=16777216"
    "memorysetup-cache-allocator-block-size=4194304"
    "memorysetup-typetree-allocator-block-size=2097152"
    "memorysetup-profiler-bucket-allocator-granularity=16"
    "memorysetup-profiler-bucket-allocator-bucket-count=8"
    "memorysetup-profiler-bucket-allocator-block-size=33554432"
    "memorysetup-profiler-bucket-allocator-block-count=8"
    "memorysetup-profiler-allocator-block-size=16777216"
    "memorysetup-profiler-editor-allocator-block-size=1048576"
    "memorysetup-temp-allocator-size-main=16777216"
    "memorysetup-job-temp-allocator-block-size=2097152"
    "memorysetup-job-temp-allocator-block-size-background=1048576"
    "memorysetup-job-temp-allocator-reduction-small-platforms=262144"
    "memorysetup-allocator-temp-initial-block-size-main=262144"
    "memorysetup-allocator-temp-initial-block-size-worker=262144"
    "memorysetup-temp-allocator-size-background-worker=32768"
    "memorysetup-temp-allocator-size-job-worker=262144"
    "memorysetup-temp-allocator-size-preload-manager=33554432"
    "memorysetup-temp-allocator-size-nav-mesh-worker=65536"
    "memorysetup-temp-allocator-size-audio-worker=65536"
    "memorysetup-temp-allocator-size-cloud-worker=32768"
    "memorysetup-temp-allocator-size-gi-baking-worker=262144"
    "memorysetup-temp-allocator-size-gfx=262144"
Player connection [19912] Host "[IP] 10.144.223.128 [Port] 0 [Flags] 2 [Guid] 1773631347 [EditorId] 1773631347 [Version] 1048832 [Id] WindowsEditor(7,DESKTOP-8TLTS17) [Debug] 1 [PackageName] WindowsEditor [ProjectName] Editor" joined multi-casting on [225.0.0.222:54997]...

Player connection [19912] Host "[IP] 10.144.223.128 [Port] 0 [Flags] 2 [Guid] 1773631347 [EditorId] 1773631347 [Version] 1048832 [Id] WindowsEditor(7,DESKTOP-8TLTS17) [Debug] 1 [PackageName] WindowsEditor [ProjectName] Editor" joined alternative multi-casting on [225.0.0.222:34997]...

[Physics::Module] Initialized MultithreadedJobDispatcher with 15 workers.
Refreshing native plugins compatible for Editor in 255.88 ms, found 4 plugins.
Preloading 0 native plugins for Editor in 0.00 ms.
Initialize engine version: 2022.3.27f1 (73effa14754f)
[Subsystems] Discovering subsystems at path D:/2022.3.27f1/Editor/Data/Resources/UnitySubsystems
[Subsystems] Discovering subsystems at path D:/TechDesignTestProject/Assets
GfxDevice: creating device client; threaded=0; jobified=0
Direct3D:
    Version:  Direct3D 11.0 [level 11.1]
    Renderer: NVIDIA GeForce RTX 4050 Laptop GPU (ID=0x28e1)
    Vendor:   NVIDIA
    VRAM:     5921 MB
    Driver:   32.0.15.6626
Initialize mono
Mono path[0] = 'D:/2022.3.27f1/Editor/Data/Managed'
Mono path[1] = 'D:/2022.3.27f1/Editor/Data/MonoBleedingEdge/lib/mono/unityjit-win32'
Mono config path = 'D:/2022.3.27f1/Editor/Data/MonoBleedingEdge/etc'
Using monoOptions --debugger-agent=transport=dt_socket,embedding=1,server=y,suspend=n,address=127.0.0.1:56276
Begin MonoManager ReloadAssembly
Registering precompiled unity dll's ...
Register platform support module: D:/2022.3.27f1/Editor/Data/PlaybackEngines/WindowsStandaloneSupport/UnityEditor.WindowsStandalone.Extensions.dll
Registered in 0.003603 seconds.
- Loaded All Assemblies, in  0.613 seconds
Native extension for WindowsStandalone target not found
Mono: successfully reloaded assembly
- Finished resetting the current domain, in  0.207 seconds
Domain Reload Profiling: 820ms
	BeginReloadAssembly (79ms)
		ExecutionOrderSort (0ms)
		DisableScriptedObjects (0ms)
		BackupInstance (0ms)
		ReleaseScriptingObjects (0ms)
		CreateAndSetChildDomain (1ms)
	RebuildCommonClasses (150ms)
	RebuildNativeTypeToScriptingClass (8ms)
	initialDomainReloadingComplete (39ms)
	LoadAllAssembliesAndSetupDomain (337ms)
		LoadAssemblies (78ms)
		RebuildTransferFunctionScriptingTraits (0ms)
		AnalyzeDomain (335ms)
			TypeCache.Refresh (334ms)
				TypeCache.ScanAssembly (325ms)
			ScanForSourceGeneratedMonoScriptInfo (0ms)
			ResolveRequiredComponents (0ms)
	FinalizeReload (208ms)
		ReleaseScriptCaches (0ms)
		RebuildScriptCaches (0ms)
		SetupLoadedEditorAssemblies (166ms)
			LogAssemblyErrors (0ms)
			InitializePlatformSupportModulesInManaged (6ms)
			SetLoadedEditorAssemblies (6ms)
			RefreshPlugins (0ms)
			BeforeProcessingInitializeOnLoad (2ms)
			ProcessInitializeOnLoadAttributes (110ms)
			ProcessInitializeOnLoadMethodAttributes (43ms)
			AfterProcessingInitializeOnLoad (0ms)
			EditorAssembliesLoaded (0ms)
		ExecutionOrderSort2 (0ms)
		AwakeInstancesAfterBackupRestoration (0ms)
========================================================================
Worker process is ready to serve import requests
Begin MonoManager ReloadAssembly
- Loaded All Assemblies, in  0.612 seconds
Refreshing native plugins compatible for Editor in 2.76 ms, found 4 plugins.
Native extension for WindowsStandalone target not found
Mono: successfully reloaded assembly
- Finished resetting the current domain, in  0.464 seconds
Domain Reload Profiling: 1076ms
	BeginReloadAssembly (115ms)
		ExecutionOrderSort (0ms)
		DisableScriptedObjects (4ms)
		BackupInstance (0ms)
		ReleaseScriptingObjects (0ms)
		CreateAndSetChildDomain (19ms)
	RebuildCommonClasses (25ms)
	RebuildNativeTypeToScriptingClass (8ms)
	initialDomainReloadingComplete (29ms)
	LoadAllAssembliesAndSetupDomain (434ms)
		LoadAssemblies (221ms)
		RebuildTransferFunctionScriptingTraits (0ms)
		AnalyzeDomain (281ms)
			TypeCache.Refresh (258ms)
				TypeCache.ScanAssembly (92ms)
			ScanForSourceGeneratedMonoScriptInfo (16ms)
			ResolveRequiredComponents (5ms)
	FinalizeReload (464ms)
		ReleaseScriptCaches (0ms)
		RebuildScriptCaches (0ms)
		SetupLoadedEditorAssemblies (340ms)
			LogAssemblyErrors (0ms)
			InitializePlatformSupportModulesInManaged (3ms)
			SetLoadedEditorAssemblies (4ms)
			RefreshPlugins (0ms)
			BeforeProcessingInitializeOnLoad (54ms)
			ProcessInitializeOnLoadAttributes (248ms)
			ProcessInitializeOnLoadMethodAttributes (29ms)
			AfterProcessingInitializeOnLoad (2ms)
			EditorAssembliesLoaded (0ms)
		ExecutionOrderSort2 (0ms)
		AwakeInstancesAfterBackupRestoration (5ms)
Launched and connected shader compiler UnityShaderCompiler.exe after 0.04 seconds
Refreshing native plugins compatible for Editor in 3.02 ms, found 4 plugins.
Preloading 0 native plugins for Editor in 0.00 ms.
Unloading 4388 Unused Serialized files (Serialized files now loaded: 0)
Unloading 113 unused Assets / (3.9 MB). Loaded Objects now: 4806.
Memory consumption went from 169.3 MB to 165.5 MB.
Total: 4.530900 ms (FindLiveObjects: 0.312800 ms CreateObjectMapping: 0.163200 ms MarkObjects: 2.503300 ms  DeleteObjects: 1.550700 ms)

AssetImportParameters requested are different than current active one (requested -> active):
  custom:scripting/monoscript/fileName/FFGrid.cs: 601d7527c4b63a68a901f7e7388aa0d2 -> 
  custom:container-demuxer-ogg: 62fdf1f143b41e24485cea50d1cbac27 -> 
  custom:scripting/monoscript/fileName/PhysicsConstraintData.cs: 9d7d92fb5a61c43b79edbaf99cb0ddaf -> 
  custom:video-codec-MediaFoundation-h265: 746d11721c4dcdbdad8f713fa42b33f4 -> 
  custom:scripting/monoscript/fileName/PhysicsConstraint.cs: d4bc2c5e30ef3b9f16c9a6f9685c09fc -> 
  custom:video-decoder-ogg-theora: a1e56fd34408186e4bbccfd4996cb3dc -> 
  custom:framework-win-MediaFoundation: 216162199b28c13a410421893ffa2e32 -> 
  custom:CustomObjectIndexerAttribute: 9a22284fe3817be447336de3de66b15e -> 
  custom:container-demuxer-webm: 4f35f7cbe854078d1ac9338744f61a02 -> 
  custom:container-muxer-webm: aa71ff27fc2769a1b78a27578f13a17b -> 
  custom:video-decoder-webm-vp8: 9c59270c3fd7afecdb556c50c9e8de78 -> 
  custom:SearchIndexIgnoredProperties: e643bd26f0fe6173181afceb89e7c659 -> 
  custom:AudioImporter_EditorPlatform: d09bf68614088b80899f8185d706f6e7 -> 
  custom:scripting/monoscript/fileName/copDemoControl.cs: a623a6c40955290aae436f75a23e796b -> 
  custom:video-encoder-webm-vp8: eb34c28f22e8b96e1ab97ce403110664 -> 
  custom:audio-decoder-ogg-vorbis: bf7c407c2cedff20999df2af8eb42d56 -> 
  custom:scripting/monoscript/fileName/jadDemoControl.cs: 0bf1326e25680db93f9e9b08efc7b895 -> 
  custom:scripting/monoscript/fileName/ViewUnit.cs: 563ce7303cd31bdab30eaffc3a9bbedc -> 
  custom:scripting/monoscript/fileName/ViewScene.cs: ea1ad4c2c4b0d48e139c83dd16f3332a -> 
  custom:scripting/monoscript/fileName/RenderExistingMeshGraphic.cs: 559f98d0ae8b84cf5fff4b645f837dd8 -> 
  custom:scripting/monoscript/fileName/ObjectSwitcherDEMO.cs: 5032c0f54d26b4519816eff5599a653e -> 
  custom:audio-encoder-webm-vorbis: bf7c407c2cedff20999df2af8eb42d56 -> 
========================================================================
Received Import Request.
  Time since last request: 3545.751305 seconds.
  path: Assets/Spine/Editor/spine-unity/Editor
  artifactKey: Guid(f0e95036e72b08544a9d295dd4366f40) Importer(815301076,1909f56bfc062723c751e8b465ee728b)
Start importing Assets/Spine/Editor/spine-unity/Editor using Guid(f0e95036e72b08544a9d295dd4366f40) Importer(815301076,1909f56bfc062723c751e8b465ee728b)  -> (artifact id: 'e0f6a9819a815006b4583832091fc1d8') in 0.002783 seconds
Number of updated asset objects reloaded before import = 0
Number of asset objects unloaded after import = 0
========================================================================
Received Import Request.
  Time since last request: 1.847999 seconds.
  path: Assets/Spine/Editor/spine-unity/Editor/Windows
  artifactKey: Guid(b6badf2758b1ea44e8c5ec62ef338e22) Importer(815301076,1909f56bfc062723c751e8b465ee728b)
Start importing Assets/Spine/Editor/spine-unity/Editor/Windows using Guid(b6badf2758b1ea44e8c5ec62ef338e22) Importer(815301076,1909f56bfc062723c751e8b465ee728b)  -> (artifact id: 'fcbea2c548e4a3f3648415290c74d999') in 0.000405 seconds
Number of updated asset objects reloaded before import = 0
Number of asset objects unloaded after import = 0
========================================================================
Received Import Request.
  Time since last request: 6.006341 seconds.
  path: Assets/Spine/Editor/spine-unity/Editor/Windows/SpinePreferences.cs
  artifactKey: Guid(b29e98153ec2fbd44b8f7da1b41194e8) Importer(815301076,1909f56bfc062723c751e8b465ee728b)
Start importing Assets/Spine/Editor/spine-unity/Editor/Windows/SpinePreferences.cs using Guid(b29e98153ec2fbd44b8f7da1b41194e8) Importer(815301076,1909f56bfc062723c751e8b465ee728b)  -> (artifact id: 'e29f222f4210ea6f6f5eb02a69a8498e') in 0.000532 seconds
Number of updated asset objects reloaded before import = 0
Number of asset objects unloaded after import = 0
========================================================================
Received Prepare
Begin MonoManager ReloadAssembly
- Loaded All Assemblies, in  0.374 seconds
Refreshing native plugins compatible for Editor in 2.88 ms, found 4 plugins.
Native extension for WindowsStandalone target not found
Mono: successfully reloaded assembly
- Finished resetting the current domain, in  0.797 seconds
Domain Reload Profiling: 1171ms
	BeginReloadAssembly (138ms)
		ExecutionOrderSort (0ms)
		DisableScriptedObjects (10ms)
		BackupInstance (0ms)
		ReleaseScriptingObjects (0ms)
		CreateAndSetChildDomain (35ms)
	RebuildCommonClasses (26ms)
	RebuildNativeTypeToScriptingClass (9ms)
	initialDomainReloadingComplete (21ms)
	LoadAllAssembliesAndSetupDomain (179ms)
		LoadAssemblies (219ms)
		RebuildTransferFunctionScriptingTraits (0ms)
		AnalyzeDomain (27ms)
			TypeCache.Refresh (9ms)
				TypeCache.ScanAssembly (1ms)
			ScanForSourceGeneratedMonoScriptInfo (10ms)
			ResolveRequiredComponents (6ms)
	FinalizeReload (797ms)
		ReleaseScriptCaches (0ms)
		RebuildScriptCaches (0ms)
		SetupLoadedEditorAssemblies (363ms)
			LogAssemblyErrors (0ms)
			InitializePlatformSupportModulesInManaged (4ms)
			SetLoadedEditorAssemblies (4ms)
			RefreshPlugins (0ms)
			BeforeProcessingInitializeOnLoad (62ms)
			ProcessInitializeOnLoadAttributes (264ms)
			ProcessInitializeOnLoadMethodAttributes (28ms)
			AfterProcessingInitializeOnLoad (2ms)
			EditorAssembliesLoaded (0ms)
		ExecutionOrderSort2 (0ms)
		AwakeInstancesAfterBackupRestoration (10ms)
Refreshing native plugins compatible for Editor in 2.82 ms, found 4 plugins.
Preloading 0 native plugins for Editor in 0.00 ms.
Unloading 4366 Unused Serialized files (Serialized files now loaded: 0)
Unloading 85 unused Assets / (3.8 MB). Loaded Objects now: 4811.
Memory consumption went from 163.8 MB to 160.0 MB.
Total: 5.119900 ms (FindLiveObjects: 0.305500 ms CreateObjectMapping: 0.270300 ms MarkObjects: 2.959700 ms  DeleteObjects: 1.583400 ms)

Prepare: number of updated asset objects reloaded= 0
AssetImportParameters requested are different than current active one (requested -> active):
  custom:scripting/monoscript/fileName/FFGrid.cs: 601d7527c4b63a68a901f7e7388aa0d2 -> 
  custom:container-demuxer-ogg: 62fdf1f143b41e24485cea50d1cbac27 -> 
  custom:scripting/monoscript/fileName/PhysicsConstraintData.cs: 9d7d92fb5a61c43b79edbaf99cb0ddaf -> 
  custom:video-codec-MediaFoundation-h265: 746d11721c4dcdbdad8f713fa42b33f4 -> 
  custom:scripting/monoscript/fileName/PhysicsConstraint.cs: d4bc2c5e30ef3b9f16c9a6f9685c09fc -> 
  custom:video-decoder-ogg-theora: a1e56fd34408186e4bbccfd4996cb3dc -> 
  custom:framework-win-MediaFoundation: 216162199b28c13a410421893ffa2e32 -> 
  custom:CustomObjectIndexerAttribute: 9a22284fe3817be447336de3de66b15e -> 
  custom:container-demuxer-webm: 4f35f7cbe854078d1ac9338744f61a02 -> 
  custom:container-muxer-webm: aa71ff27fc2769a1b78a27578f13a17b -> 
  custom:video-decoder-webm-vp8: 9c59270c3fd7afecdb556c50c9e8de78 -> 
  custom:SearchIndexIgnoredProperties: e643bd26f0fe6173181afceb89e7c659 -> 
  custom:AudioImporter_EditorPlatform: d09bf68614088b80899f8185d706f6e7 -> 
  custom:scripting/monoscript/fileName/copDemoControl.cs: a623a6c40955290aae436f75a23e796b -> 
  custom:video-encoder-webm-vp8: eb34c28f22e8b96e1ab97ce403110664 -> 
  custom:audio-decoder-ogg-vorbis: bf7c407c2cedff20999df2af8eb42d56 -> 
  custom:scripting/monoscript/fileName/jadDemoControl.cs: 0bf1326e25680db93f9e9b08efc7b895 -> 
  custom:scripting/monoscript/fileName/ViewUnit.cs: 563ce7303cd31bdab30eaffc3a9bbedc -> 
  custom:scripting/monoscript/fileName/ViewScene.cs: ea1ad4c2c4b0d48e139c83dd16f3332a -> 
  custom:scripting/monoscript/fileName/RenderExistingMeshGraphic.cs: 559f98d0ae8b84cf5fff4b645f837dd8 -> 
  custom:scripting/monoscript/fileName/ObjectSwitcherDEMO.cs: 5032c0f54d26b4519816eff5599a653e -> 
  custom:audio-encoder-webm-vorbis: bf7c407c2cedff20999df2af8eb42d56 -> 
========================================================================
Received Prepare
Begin MonoManager ReloadAssembly
- Loaded All Assemblies, in  0.356 seconds
Refreshing native plugins compatible for Editor in 3.07 ms, found 4 plugins.
Native extension for WindowsStandalone target not found
Mono: successfully reloaded assembly
- Finished resetting the current domain, in  0.815 seconds
Domain Reload Profiling: 1171ms
	BeginReloadAssembly (140ms)
		ExecutionOrderSort (0ms)
		DisableScriptedObjects (11ms)
		BackupInstance (0ms)
		ReleaseScriptingObjects (0ms)
		CreateAndSetChildDomain (34ms)
	RebuildCommonClasses (25ms)
	RebuildNativeTypeToScriptingClass (9ms)
	initialDomainReloadingComplete (20ms)
	LoadAllAssembliesAndSetupDomain (161ms)
		LoadAssemblies (221ms)
		RebuildTransferFunctionScriptingTraits (0ms)
		AnalyzeDomain (12ms)
			TypeCache.Refresh (5ms)
				TypeCache.ScanAssembly (0ms)
			ScanForSourceGeneratedMonoScriptInfo (0ms)
			ResolveRequiredComponents (7ms)
	FinalizeReload (816ms)
		ReleaseScriptCaches (0ms)
		RebuildScriptCaches (0ms)
		SetupLoadedEditorAssemblies (361ms)
			LogAssemblyErrors (0ms)
			InitializePlatformSupportModulesInManaged (4ms)
			SetLoadedEditorAssemblies (4ms)
			RefreshPlugins (0ms)
			BeforeProcessingInitializeOnLoad (65ms)
			ProcessInitializeOnLoadAttributes (254ms)
			ProcessInitializeOnLoadMethodAttributes (30ms)
			AfterProcessingInitializeOnLoad (4ms)
			EditorAssembliesLoaded (0ms)
		ExecutionOrderSort2 (0ms)
		AwakeInstancesAfterBackupRestoration (12ms)
Refreshing native plugins compatible for Editor in 3.30 ms, found 4 plugins.
Preloading 0 native plugins for Editor in 0.00 ms.
Unloading 4367 Unused Serialized files (Serialized files now loaded: 0)
Unloading 85 unused Assets / (3.8 MB). Loaded Objects now: 4815.
Memory consumption went from 164.0 MB to 160.3 MB.
Total: 4.944300 ms (FindLiveObjects: 0.350800 ms CreateObjectMapping: 0.267700 ms MarkObjects: 2.331100 ms  DeleteObjects: 1.993900 ms)

Prepare: number of updated asset objects reloaded= 0
AssetImportParameters requested are different than current active one (requested -> active):
  custom:scripting/monoscript/fileName/FFGrid.cs: 601d7527c4b63a68a901f7e7388aa0d2 -> 
  custom:container-demuxer-ogg: 62fdf1f143b41e24485cea50d1cbac27 -> 
  custom:scripting/monoscript/fileName/PhysicsConstraintData.cs: 9d7d92fb5a61c43b79edbaf99cb0ddaf -> 
  custom:video-codec-MediaFoundation-h265: 746d11721c4dcdbdad8f713fa42b33f4 -> 
  custom:scripting/monoscript/fileName/PhysicsConstraint.cs: d4bc2c5e30ef3b9f16c9a6f9685c09fc -> 
  custom:video-decoder-ogg-theora: a1e56fd34408186e4bbccfd4996cb3dc -> 
  custom:framework-win-MediaFoundation: 216162199b28c13a410421893ffa2e32 -> 
  custom:CustomObjectIndexerAttribute: 9a22284fe3817be447336de3de66b15e -> 
  custom:container-demuxer-webm: 4f35f7cbe854078d1ac9338744f61a02 -> 
  custom:container-muxer-webm: aa71ff27fc2769a1b78a27578f13a17b -> 
  custom:video-decoder-webm-vp8: 9c59270c3fd7afecdb556c50c9e8de78 -> 
  custom:SearchIndexIgnoredProperties: e643bd26f0fe6173181afceb89e7c659 -> 
  custom:AudioImporter_EditorPlatform: d09bf68614088b80899f8185d706f6e7 -> 
  custom:scripting/monoscript/fileName/copDemoControl.cs: a623a6c40955290aae436f75a23e796b -> 
  custom:video-encoder-webm-vp8: eb34c28f22e8b96e1ab97ce403110664 -> 
  custom:audio-decoder-ogg-vorbis: bf7c407c2cedff20999df2af8eb42d56 -> 
  custom:scripting/monoscript/fileName/jadDemoControl.cs: 0bf1326e25680db93f9e9b08efc7b895 -> 
  custom:scripting/monoscript/fileName/ViewUnit.cs: 563ce7303cd31bdab30eaffc3a9bbedc -> 
  custom:scripting/monoscript/fileName/ViewScene.cs: ea1ad4c2c4b0d48e139c83dd16f3332a -> 
  custom:scripting/monoscript/fileName/RenderExistingMeshGraphic.cs: 559f98d0ae8b84cf5fff4b645f837dd8 -> 
  custom:scripting/monoscript/fileName/ObjectSwitcherDEMO.cs: 5032c0f54d26b4519816eff5599a653e -> 
  custom:audio-encoder-webm-vorbis: bf7c407c2cedff20999df2af8eb42d56 -> 
========================================================================
Received Prepare
Begin MonoManager ReloadAssembly
- Loaded All Assemblies, in  0.375 seconds
Refreshing native plugins compatible for Editor in 2.87 ms, found 4 plugins.
Native extension for WindowsStandalone target not found
Mono: successfully reloaded assembly
- Finished resetting the current domain, in  0.779 seconds
Domain Reload Profiling: 1154ms
	BeginReloadAssembly (137ms)
		ExecutionOrderSort (0ms)
		DisableScriptedObjects (12ms)
		BackupInstance (0ms)
		ReleaseScriptingObjects (0ms)
		CreateAndSetChildDomain (35ms)
	RebuildCommonClasses (25ms)
	RebuildNativeTypeToScriptingClass (9ms)
	initialDomainReloadingComplete (20ms)
	LoadAllAssembliesAndSetupDomain (183ms)
		LoadAssemblies (222ms)
		RebuildTransferFunctionScriptingTraits (0ms)
		AnalyzeDomain (26ms)
			TypeCache.Refresh (8ms)
				TypeCache.ScanAssembly (1ms)
			ScanForSourceGeneratedMonoScriptInfo (9ms)
			ResolveRequiredComponents (7ms)
	FinalizeReload (779ms)
		ReleaseScriptCaches (0ms)
		RebuildScriptCaches (0ms)
		SetupLoadedEditorAssemblies (347ms)
			LogAssemblyErrors (0ms)
			InitializePlatformSupportModulesInManaged (4ms)
			SetLoadedEditorAssemblies (4ms)
			RefreshPlugins (0ms)
			BeforeProcessingInitializeOnLoad (68ms)
			ProcessInitializeOnLoadAttributes (242ms)
			ProcessInitializeOnLoadMethodAttributes (28ms)
			AfterProcessingInitializeOnLoad (2ms)
			EditorAssembliesLoaded (0ms)
		ExecutionOrderSort2 (0ms)
		AwakeInstancesAfterBackupRestoration (10ms)
Refreshing native plugins compatible for Editor in 3.30 ms, found 4 plugins.
Preloading 0 native plugins for Editor in 0.00 ms.
Unloading 4370 Unused Serialized files (Serialized files now loaded: 0)
Unloading 85 unused Assets / (3.8 MB). Loaded Objects now: 4822.
Memory consumption went from 164.1 MB to 160.3 MB.
Total: 5.464900 ms (FindLiveObjects: 0.314500 ms CreateObjectMapping: 0.327800 ms MarkObjects: 2.765500 ms  DeleteObjects: 2.056200 ms)

Prepare: number of updated asset objects reloaded= 0
AssetImportParameters requested are different than current active one (requested -> active):
  custom:scripting/monoscript/fileName/FFGrid.cs: 601d7527c4b63a68a901f7e7388aa0d2 -> ef7a55246e74655d4c3b75d06d6a03f5
  custom:container-demuxer-ogg: 62fdf1f143b41e24485cea50d1cbac27 -> 
  custom:scripting/monoscript/fileName/PhysicsConstraintData.cs: 9d7d92fb5a61c43b79edbaf99cb0ddaf -> 
  custom:video-codec-MediaFoundation-h265: 746d11721c4dcdbdad8f713fa42b33f4 -> 
  custom:scripting/monoscript/fileName/PhysicsConstraint.cs: d4bc2c5e30ef3b9f16c9a6f9685c09fc -> 
  custom:video-decoder-ogg-theora: a1e56fd34408186e4bbccfd4996cb3dc -> 
  custom:framework-win-MediaFoundation: 216162199b28c13a410421893ffa2e32 -> 
  custom:CustomObjectIndexerAttribute: 9a22284fe3817be447336de3de66b15e -> 
  custom:container-demuxer-webm: 4f35f7cbe854078d1ac9338744f61a02 -> 
  custom:container-muxer-webm: aa71ff27fc2769a1b78a27578f13a17b -> 
  custom:video-decoder-webm-vp8: 9c59270c3fd7afecdb556c50c9e8de78 -> 
  custom:SearchIndexIgnoredProperties: e643bd26f0fe6173181afceb89e7c659 -> 
  custom:AudioImporter_EditorPlatform: d09bf68614088b80899f8185d706f6e7 -> 
  custom:scripting/monoscript/fileName/copDemoControl.cs: a623a6c40955290aae436f75a23e796b -> 
  custom:video-encoder-webm-vp8: eb34c28f22e8b96e1ab97ce403110664 -> 
  custom:audio-decoder-ogg-vorbis: bf7c407c2cedff20999df2af8eb42d56 -> 
  custom:scripting/monoscript/fileName/jadDemoControl.cs: 0bf1326e25680db93f9e9b08efc7b895 -> 
  custom:scripting/monoscript/fileName/ViewUnit.cs: 563ce7303cd31bdab30eaffc3a9bbedc -> 424c6013173d0285466d11aeca8d283f
  custom:scripting/monoscript/fileName/ViewScene.cs: ea1ad4c2c4b0d48e139c83dd16f3332a -> 7d4f20b6cf082128629b6565b1d5c14d
  custom:scripting/monoscript/fileName/RenderExistingMeshGraphic.cs: 559f98d0ae8b84cf5fff4b645f837dd8 -> 
  custom:scripting/monoscript/fileName/ObjectSwitcherDEMO.cs: 5032c0f54d26b4519816eff5599a653e -> 
  custom:audio-encoder-webm-vorbis: bf7c407c2cedff20999df2af8eb42d56 -> 
========================================================================
Received Import Request.
  Time since last request: 478.382324 seconds.
  path: Assets/Drawinguy/FreeSet
  artifactKey: Guid(77b6d1fb50e61dc4883db4ef9c439a6e) Importer(815301076,1909f56bfc062723c751e8b465ee728b)
Start importing Assets/Drawinguy/FreeSet using Guid(77b6d1fb50e61dc4883db4ef9c439a6e) Importer(815301076,1909f56bfc062723c751e8b465ee728b)  -> (artifact id: '0311e0aaebcd72b7ae6c352bea69856b') in 0.003241 seconds
Number of updated asset objects reloaded before import = 0
Number of asset objects unloaded after import = 0
========================================================================
Received Import Request.
  Time since last request: 4.686229 seconds.
  path: Assets/Drawinguy/FreeSet/02 Spine
  artifactKey: Guid(723c2b3838137804e82f918fb8d9b8fb) Importer(815301076,1909f56bfc062723c751e8b465ee728b)
Start importing Assets/Drawinguy/FreeSet/02 Spine using Guid(723c2b3838137804e82f918fb8d9b8fb) Importer(815301076,1909f56bfc062723c751e8b465ee728b)  -> (artifact id: '81368bf30a272d9f409ad4414a5e7bed') in 0.000425 seconds
Number of updated asset objects reloaded before import = 0
Number of asset objects unloaded after import = 0
========================================================================
Received Import Request.
  Time since last request: 0.967054 seconds.
  path: Assets/Drawinguy/FreeSet/02 Spine/TunnerDe
  artifactKey: Guid(818a233f96fd35c4f9b78b070da1548a) Importer(815301076,1909f56bfc062723c751e8b465ee728b)
Start importing Assets/Drawinguy/FreeSet/02 Spine/TunnerDe using Guid(818a233f96fd35c4f9b78b070da1548a) Importer(815301076,1909f56bfc062723c751e8b465ee728b)  -> (artifact id: '24a4772450cb7ef7e48a1bd7ebcd763d') in 0.000738 seconds
Number of updated asset objects reloaded before import = 0
Number of asset objects unloaded after import = 0
========================================================================
Received Import Request.
  Time since last request: 2.701508 seconds.
  path: Assets/Drawinguy/FreeSet/02 Spine/TunnerDe/ImagesTurner
  artifactKey: Guid(102bc65ac2f44c4428d8604e18439f4c) Importer(815301076,1909f56bfc062723c751e8b465ee728b)
Start importing Assets/Drawinguy/FreeSet/02 Spine/TunnerDe/ImagesTurner using Guid(102bc65ac2f44c4428d8604e18439f4c) Importer(815301076,1909f56bfc062723c751e8b465ee728b)  -> (artifact id: 'cce25517ff0396ab948b497a13402c2d') in 0.000440 seconds
Number of updated asset objects reloaded before import = 0
Number of asset objects unloaded after import = 0
========================================================================
Received Import Request.
  Time since last request: 0.065255 seconds.
  path: Assets/Drawinguy/FreeSet/02 Spine/TunnerDe/ImagesTurner/cross_explotion_0000_1.png
  artifactKey: Guid(e97d6d234422bb447a3b4570787fcd65) Importer(815301076,1909f56bfc062723c751e8b465ee728b)
Start importing Assets/Drawinguy/FreeSet/02 Spine/TunnerDe/ImagesTurner/cross_explotion_0000_1.png using Guid(e97d6d234422bb447a3b4570787fcd65) Importer(815301076,1909f56bfc062723c751e8b465ee728b)  -> (artifact id: '2210d3d21700df58415c185b41c4e91d') in 0.061602 seconds
Number of updated asset objects reloaded before import = 0
Number of asset objects unloaded after import = 2
========================================================================
Received Import Request.
  Time since last request: 0.000015 seconds.
  path: Assets/Drawinguy/FreeSet/02 Spine/TunnerDe/ImagesTurner/ef_25_0001.png
  artifactKey: Guid(b2ceaca8846e1da4bb57e062c733066e) Importer(815301076,1909f56bfc062723c751e8b465ee728b)
Start importing Assets/Drawinguy/FreeSet/02 Spine/TunnerDe/ImagesTurner/ef_25_0001.png using Guid(b2ceaca8846e1da4bb57e062c733066e) Importer(815301076,1909f56bfc062723c751e8b465ee728b)  -> (artifact id: '2f39d6c5de0736a165b4d2f94be4efa5') in 0.036252 seconds
Number of updated asset objects reloaded before import = 0
Number of asset objects unloaded after import = 2
========================================================================
Received Import Request.
  Time since last request: 0.000016 seconds.
  path: Assets/Drawinguy/FreeSet/02 Spine/TunnerDe/ImagesTurner/ef_23_0006.png
  artifactKey: Guid(a4a9ae0b0ff269c459e534d76cd5963c) Importer(815301076,1909f56bfc062723c751e8b465ee728b)
Start importing Assets/Drawinguy/FreeSet/02 Spine/TunnerDe/ImagesTurner/ef_23_0006.png using Guid(a4a9ae0b0ff269c459e534d76cd5963c) Importer(815301076,1909f56bfc062723c751e8b465ee728b)  -> (artifact id: '0749f27a60761d512fbc9bd811274820') in 0.013161 seconds
Number of updated asset objects reloaded before import = 0
Number of asset objects unloaded after import = 2
========================================================================
Received Import Request.
  Time since last request: 0.000017 seconds.
  path: Assets/Drawinguy/FreeSet/02 Spine/TunnerDe/ImagesTurner/ef_23_0002.png
  artifactKey: Guid(10232fee55643a24d92f90166f8f1fd9) Importer(815301076,1909f56bfc062723c751e8b465ee728b)
Start importing Assets/Drawinguy/FreeSet/02 Spine/TunnerDe/ImagesTurner/ef_23_0002.png using Guid(10232fee55643a24d92f90166f8f1fd9) Importer(815301076,1909f56bfc062723c751e8b465ee728b)  -> (artifact id: 'b20f9f5333bf51bb252efa074cb393b3') in 0.011201 seconds
Number of updated asset objects reloaded before import = 0
Number of asset objects unloaded after import = 2
========================================================================
Received Import Request.
  Time since last request: 0.000021 seconds.
  path: Assets/Drawinguy/FreeSet/02 Spine/TunnerDe/ImagesTurner/ef_25_0007.png
  artifactKey: Guid(a37e9a41a68489e45973111b879840b9) Importer(815301076,1909f56bfc062723c751e8b465ee728b)
Start importing Assets/Drawinguy/FreeSet/02 Spine/TunnerDe/ImagesTurner/ef_25_0007.png using Guid(a37e9a41a68489e45973111b879840b9) Importer(815301076,1909f56bfc062723c751e8b465ee728b)  -> (artifact id: 'd5c195d4881ffe7520d455c837a54750') in 0.016565 seconds
Number of updated asset objects reloaded before import = 0
Number of asset objects unloaded after import = 2
========================================================================
Received Import Request.
  Time since last request: 0.000028 seconds.
  path: Assets/Drawinguy/FreeSet/02 Spine/TunnerDe/ImagesTurner/ef_23_0000.png
  artifactKey: Guid(11d35e346d6abac42a6d47cac211a240) Importer(815301076,1909f56bfc062723c751e8b465ee728b)
Start importing Assets/Drawinguy/FreeSet/02 Spine/TunnerDe/ImagesTurner/ef_23_0000.png using Guid(11d35e346d6abac42a6d47cac211a240) Importer(815301076,1909f56bfc062723c751e8b465ee728b)  -> (artifact id: 'f45a2cd87b4a8cc901c3850f2bece0ba') in 0.029175 seconds
Number of updated asset objects reloaded before import = 0
Number of asset objects unloaded after import = 2
========================================================================
Received Import Request.
  Time since last request: 0.000018 seconds.
  path: Assets/Drawinguy/FreeSet/02 Spine/TunnerDe/ImagesTurner/ef_25_0003.png
  artifactKey: Guid(5cad17e53d7df4c45828be8ce33712fb) Importer(815301076,1909f56bfc062723c751e8b465ee728b)
Start importing Assets/Drawinguy/FreeSet/02 Spine/TunnerDe/ImagesTurner/ef_25_0003.png using Guid(5cad17e53d7df4c45828be8ce33712fb) Importer(815301076,1909f56bfc062723c751e8b465ee728b)  -> (artifact id: 'e96152b4e02c2df92ac548636a883ee0') in 0.012850 seconds
Number of updated asset objects reloaded before import = 0
Number of asset objects unloaded after import = 2
========================================================================
Received Import Request.
  Time since last request: 0.000017 seconds.
  path: Assets/Drawinguy/FreeSet/02 Spine/TunnerDe/ImagesTurner/ef_23_0008.png
  artifactKey: Guid(0b1baa7e9e1926944944a2486842688b) Importer(815301076,1909f56bfc062723c751e8b465ee728b)
Start importing Assets/Drawinguy/FreeSet/02 Spine/TunnerDe/ImagesTurner/ef_23_0008.png using Guid(0b1baa7e9e1926944944a2486842688b) Importer(815301076,1909f56bfc062723c751e8b465ee728b)  -> (artifact id: '79bc1485d3cc3c8a208c9f0f4f211ea0') in 0.025790 seconds
Number of updated asset objects reloaded before import = 0
Number of asset objects unloaded after import = 2
========================================================================
Received Import Request.
  Time since last request: 0.000017 seconds.
  path: Assets/Drawinguy/FreeSet/02 Spine/TunnerDe/ImagesTurner/ef_23_0014.png
  artifactKey: Guid(17f33f13306e2b44a98587b3bdd2ff4e) Importer(815301076,1909f56bfc062723c751e8b465ee728b)
Start importing Assets/Drawinguy/FreeSet/02 Spine/TunnerDe/ImagesTurner/ef_23_0014.png using Guid(17f33f13306e2b44a98587b3bdd2ff4e) Importer(815301076,1909f56bfc062723c751e8b465ee728b)  -> (artifact id: '6de817746b42e5a2bd9d959f4a386e5f') in 0.012523 seconds
Number of updated asset objects reloaded before import = 0
Number of asset objects unloaded after import = 2
========================================================================
Received Import Request.
  Time since last request: 0.000015 seconds.
  path: Assets/Drawinguy/FreeSet/02 Spine/TunnerDe/ImagesTurner/ef_23_0004.png
  artifactKey: Guid(78f1bd431c768244ea98117cc916a205) Importer(815301076,1909f56bfc062723c751e8b465ee728b)
Start importing Assets/Drawinguy/FreeSet/02 Spine/TunnerDe/ImagesTurner/ef_23_0004.png using Guid(78f1bd431c768244ea98117cc916a205) Importer(815301076,1909f56bfc062723c751e8b465ee728b)  -> (artifact id: '2b5620419d2bb80f60825815f465c0b4') in 0.027081 seconds
Number of updated asset objects reloaded before import = 0
Number of asset objects unloaded after import = 2
========================================================================
Received Import Request.
  Time since last request: 0.000015 seconds.
  path: Assets/Drawinguy/FreeSet/02 Spine/TunnerDe/ImagesTurner/ef_23_0012.png
  artifactKey: Guid(8b706f4e5e67ee94a936df93aef080ed) Importer(815301076,1909f56bfc062723c751e8b465ee728b)
Start importing Assets/Drawinguy/FreeSet/02 Spine/TunnerDe/ImagesTurner/ef_23_0012.png using Guid(8b706f4e5e67ee94a936df93aef080ed) Importer(815301076,1909f56bfc062723c751e8b465ee728b)  -> (artifact id: '063265895de00e82bb9b99b97ca913c2') in 0.013256 seconds
Number of updated asset objects reloaded before import = 0
Number of asset objects unloaded after import = 2
========================================================================
Received Import Request.
  Time since last request: 0.000017 seconds.
  path: Assets/Drawinguy/FreeSet/02 Spine/TunnerDe/ImagesTurner/ef_23_0009.png
  artifactKey: Guid(51e3ea9eb32933341b3a90a665a153bb) Importer(815301076,1909f56bfc062723c751e8b465ee728b)
Start importing Assets/Drawinguy/FreeSet/02 Spine/TunnerDe/ImagesTurner/ef_23_0009.png using Guid(51e3ea9eb32933341b3a90a665a153bb) Importer(815301076,1909f56bfc062723c751e8b465ee728b)  -> (artifact id: 'd7200001341bb08675d94e07c10198f2') in 0.025072 seconds
Number of updated asset objects reloaded before import = 0
Number of asset objects unloaded after import = 2
========================================================================
Received Import Request.
  Time since last request: 0.000018 seconds.
  path: Assets/Drawinguy/FreeSet/02 Spine/TunnerDe/ImagesTurner/ef_25_0000.png
  artifactKey: Guid(f885b1bfe2a240c468a42cb51fc660fd) Importer(815301076,1909f56bfc062723c751e8b465ee728b)
Start importing Assets/Drawinguy/FreeSet/02 Spine/TunnerDe/ImagesTurner/ef_25_0000.png using Guid(f885b1bfe2a240c468a42cb51fc660fd) Importer(815301076,1909f56bfc062723c751e8b465ee728b)  -> (artifact id: 'aa94a4baa674b0c3a7af8826a61985ec') in 0.035653 seconds
Number of updated asset objects reloaded before import = 0
Number of asset objects unloaded after import = 2
========================================================================
Received Import Request.
  Time since last request: 0.000025 seconds.
  path: Assets/Drawinguy/FreeSet/02 Spine/TunnerDe/ImagesTurner/cross_explotion_0002_3.png
  artifactKey: Guid(ed1e6ac6a80c39240a351c956577dea4) Importer(815301076,1909f56bfc062723c751e8b465ee728b)
Start importing Assets/Drawinguy/FreeSet/02 Spine/TunnerDe/ImagesTurner/cross_explotion_0002_3.png using Guid(ed1e6ac6a80c39240a351c956577dea4) Importer(815301076,1909f56bfc062723c751e8b465ee728b)  -> (artifact id: '93d34f9ff45843425bfdf44d7ada5715') in 0.013383 seconds
Number of updated asset objects reloaded before import = 0
Number of asset objects unloaded after import = 2
========================================================================
Received Import Request.
  Time since last request: 0.000016 seconds.
  path: Assets/Drawinguy/FreeSet/02 Spine/TunnerDe/ImagesTurner/ef_23_0005.png
  artifactKey: Guid(10cb037619289fe498d7c1dab35c25bb) Importer(815301076,1909f56bfc062723c751e8b465ee728b)
Start importing Assets/Drawinguy/FreeSet/02 Spine/TunnerDe/ImagesTurner/ef_23_0005.png using Guid(10cb037619289fe498d7c1dab35c25bb) Importer(815301076,1909f56bfc062723c751e8b465ee728b)  -> (artifact id: '15272c93f536b77944723d2e684432fc') in 0.010838 seconds
Number of updated asset objects reloaded before import = 0
Number of asset objects unloaded after import = 2
========================================================================
Received Import Request.
  Time since last request: 2.916155 seconds.
  path: Assets/Drawinguy/FreeSet/02 Spine/TunnerDe/ImagesTurner/manteau/레이어-98.png
  artifactKey: Guid(bdbeb2b2e27c709419d0c2f4c8c0d510) Importer(815301076,1909f56bfc062723c751e8b465ee728b)
Start importing Assets/Drawinguy/FreeSet/02 Spine/TunnerDe/ImagesTurner/manteau/레이어-98.png using Guid(bdbeb2b2e27c709419d0c2f4c8c0d510) Importer(815301076,1909f56bfc062723c751e8b465ee728b)  -> (artifact id: '90f9a4821c2fe703a56f2b5491c34479') in 0.013096 seconds
Number of updated asset objects reloaded before import = 0
Number of asset objects unloaded after import = 2
========================================================================
Received Import Request.
  Time since last request: 5.262521 seconds.
  path: Assets/Drawinguy/FreeSet/02 Spine/TunnerDe/ImagesTurner/face_dead_p6.png
  artifactKey: Guid(9a2068ba58a65584a9c9b1c480fcca78) Importer(815301076,1909f56bfc062723c751e8b465ee728b)
Start importing Assets/Drawinguy/FreeSet/02 Spine/TunnerDe/ImagesTurner/face_dead_p6.png using Guid(9a2068ba58a65584a9c9b1c480fcca78) Importer(815301076,1909f56bfc062723c751e8b465ee728b)  -> (artifact id: '820d22fac1ec876f0f5cdf0018be86e0') in 0.017362 seconds
Number of updated asset objects reloaded before import = 0
Number of asset objects unloaded after import = 2
========================================================================
Received Import Request.
  Time since last request: 0.000022 seconds.
  path: Assets/Drawinguy/FreeSet/02 Spine/TunnerDe/ImagesTurner/parti_05.png
  artifactKey: Guid(b9596198a99de764d97038518b9ec4d2) Importer(815301076,1909f56bfc062723c751e8b465ee728b)
Start importing Assets/Drawinguy/FreeSet/02 Spine/TunnerDe/ImagesTurner/parti_05.png using Guid(b9596198a99de764d97038518b9ec4d2) Importer(815301076,1909f56bfc062723c751e8b465ee728b)  -> (artifact id: '0abefe38076789b11880049b2e66b8f6') in 0.013692 seconds
Number of updated asset objects reloaded before import = 0
Number of asset objects unloaded after import = 2
========================================================================
Received Import Request.
  Time since last request: 0.000035 seconds.
  path: Assets/Drawinguy/FreeSet/02 Spine/TunnerDe/ImagesTurner/parti_00.png
  artifactKey: Guid(a37f29ef4159f344e8e1e95bb1ae2359) Importer(815301076,1909f56bfc062723c751e8b465ee728b)
Start importing Assets/Drawinguy/FreeSet/02 Spine/TunnerDe/ImagesTurner/parti_00.png using Guid(a37f29ef4159f344e8e1e95bb1ae2359) Importer(815301076,1909f56bfc062723c751e8b465ee728b)  -> (artifact id: 'a5e57bcdd0663dfd1c58970129eb35ff') in 0.031395 seconds
Number of updated asset objects reloaded before import = 0
Number of asset objects unloaded after import = 2
========================================================================
Received Import Request.
  Time since last request: 0.000020 seconds.
  path: Assets/Drawinguy/FreeSet/02 Spine/TunnerDe/ImagesTurner/parti_06.png
  artifactKey: Guid(dda57c6b4eae66242b10d8f08941b8d1) Importer(815301076,1909f56bfc062723c751e8b465ee728b)
Start importing Assets/Drawinguy/FreeSet/02 Spine/TunnerDe/ImagesTurner/parti_06.png using Guid(dda57c6b4eae66242b10d8f08941b8d1) Importer(815301076,1909f56bfc062723c751e8b465ee728b)  -> (artifact id: '9ee18d97c42d4a388c91ba723c83ac49') in 0.029459 seconds
Number of updated asset objects reloaded before import = 0
Number of asset objects unloaded after import = 2
========================================================================
Received Import Request.
  Time since last request: 0.420120 seconds.
  path: Assets/Drawinguy/FreeSet/02 Spine/TunnerDe/ImagesTurner/parti_11.png
  artifactKey: Guid(124c6e9321317b64e9f346eb02b209ae) Importer(815301076,1909f56bfc062723c751e8b465ee728b)
Start importing Assets/Drawinguy/FreeSet/02 Spine/TunnerDe/ImagesTurner/parti_11.png using Guid(124c6e9321317b64e9f346eb02b209ae) Importer(815301076,1909f56bfc062723c751e8b465ee728b)  -> (artifact id: '7c1ba14647312ab80c8f56f66d56f1c2') in 0.312302 seconds
Number of updated asset objects reloaded before import = 0
Number of asset objects unloaded after import = 2
========================================================================
Received Import Request.
  Time since last request: 0.000018 seconds.
  path: Assets/Drawinguy/FreeSet/02 Spine/TunnerDe/ImagesTurner/smoke_2_03.png
  artifactKey: Guid(2fa9b37d8cca893469ad6475e0b4f65c) Importer(815301076,1909f56bfc062723c751e8b465ee728b)
Start importing Assets/Drawinguy/FreeSet/02 Spine/TunnerDe/ImagesTurner/smoke_2_03.png using Guid(2fa9b37d8cca893469ad6475e0b4f65c) Importer(815301076,1909f56bfc062723c751e8b465ee728b)  -> (artifact id: '0adf7130e7ad605ce9a2c085a633799d') in 0.117826 seconds
Number of updated asset objects reloaded before import = 0
Number of asset objects unloaded after import = 2
========================================================================
Received Import Request.
  Time since last request: 0.000033 seconds.
  path: Assets/Drawinguy/FreeSet/02 Spine/TunnerDe/ImagesTurner/parti_14.png
  artifactKey: Guid(de7ead2fda8de8a43be88c2d9a74a57d) Importer(815301076,1909f56bfc062723c751e8b465ee728b)
Start importing Assets/Drawinguy/FreeSet/02 Spine/TunnerDe/ImagesTurner/parti_14.png using Guid(de7ead2fda8de8a43be88c2d9a74a57d) Importer(815301076,1909f56bfc062723c751e8b465ee728b)  -> (artifact id: '5e8aa98a6c29bca0928975739cd57bc1') in 0.028119 seconds
Number of updated asset objects reloaded before import = 0
Number of asset objects unloaded after import = 2
========================================================================
Received Import Request.
  Time since last request: 0.000017 seconds.
  path: Assets/Drawinguy/FreeSet/02 Spine/TunnerDe/ImagesTurner/shield.png
  artifactKey: Guid(80e953d24b8883f48a8d0b0afe02f282) Importer(815301076,1909f56bfc062723c751e8b465ee728b)
Start importing Assets/Drawinguy/FreeSet/02 Spine/TunnerDe/ImagesTurner/shield.png using Guid(80e953d24b8883f48a8d0b0afe02f282) Importer(815301076,1909f56bfc062723c751e8b465ee728b)  -> (artifact id: '1479e764b3fbd9c244097390e1d8ea19') in 0.039585 seconds
Number of updated asset objects reloaded before import = 0
Number of asset objects unloaded after import = 2
========================================================================
Received Import Request.
  Time since last request: 0.000022 seconds.
  path: Assets/Drawinguy/FreeSet/02 Spine/TunnerDe/ImagesTurner/smoke_2_00.png
  artifactKey: Guid(f1181a7b3ea097f438b146880083c14a) Importer(815301076,1909f56bfc062723c751e8b465ee728b)
Start importing Assets/Drawinguy/FreeSet/02 Spine/TunnerDe/ImagesTurner/smoke_2_00.png using Guid(f1181a7b3ea097f438b146880083c14a) Importer(815301076,1909f56bfc062723c751e8b465ee728b)  -> (artifact id: 'a62e66ac003b923496d51c6cd57a18af') in 0.028983 seconds
Number of updated asset objects reloaded before import = 0
Number of asset objects unloaded after import = 2
========================================================================
Received Import Request.
  Time since last request: 0.000020 seconds.
  path: Assets/Drawinguy/FreeSet/02 Spine/TunnerDe/ImagesTurner/parti_16.png
  artifactKey: Guid(330fee1f994f37f4b8b28764a24d4c24) Importer(815301076,1909f56bfc062723c751e8b465ee728b)
Start importing Assets/Drawinguy/FreeSet/02 Spine/TunnerDe/ImagesTurner/parti_16.png using Guid(330fee1f994f37f4b8b28764a24d4c24) Importer(815301076,1909f56bfc062723c751e8b465ee728b)  -> (artifact id: 'd0576ebb59be3d2289ab798fe393376d') in 0.049250 seconds
Number of updated asset objects reloaded before import = 0
Number of asset objects unloaded after import = 2
========================================================================
Received Import Request.
  Time since last request: 2.562574 seconds.
  path: Assets/Drawinguy/FreeSet/02 Spine/TunnerDe/ImagesTurner/smoke_2_07.png
  artifactKey: Guid(00a8b33ff4676394d9cb1a12530f33e8) Importer(815301076,1909f56bfc062723c751e8b465ee728b)
Start importing Assets/Drawinguy/FreeSet/02 Spine/TunnerDe/ImagesTurner/smoke_2_07.png using Guid(00a8b33ff4676394d9cb1a12530f33e8) Importer(815301076,1909f56bfc062723c751e8b465ee728b)  -> (artifact id: '616bdb0b97f0494875c75e9c7dd96d98') in 0.013524 seconds
Number of updated asset objects reloaded before import = 0
Number of asset objects unloaded after import = 2
========================================================================
Received Import Request.
  Time since last request: 0.000019 seconds.
  path: Assets/Drawinguy/FreeSet/02 Spine/TunnerDe/ImagesTurner/smoke_2_14.png
  artifactKey: Guid(cd1d1b93b54a74f4ca4c8e3c6df20edd) Importer(815301076,1909f56bfc062723c751e8b465ee728b)
Start importing Assets/Drawinguy/FreeSet/02 Spine/TunnerDe/ImagesTurner/smoke_2_14.png using Guid(cd1d1b93b54a74f4ca4c8e3c6df20edd) Importer(815301076,1909f56bfc062723c751e8b465ee728b)  -> (artifact id: '1680123b32301302ae4110cd176a39aa') in 0.070787 seconds
Number of updated asset objects reloaded before import = 0
Number of asset objects unloaded after import = 2
========================================================================
Received Import Request.
  Time since last request: 0.000029 seconds.
  path: Assets/Drawinguy/FreeSet/02 Spine/TunnerDe/ImagesTurner/smoke_2_10.png
  artifactKey: Guid(5d808f4333e99e64cb24704d6ebb2428) Importer(815301076,1909f56bfc062723c751e8b465ee728b)
Start importing Assets/Drawinguy/FreeSet/02 Spine/TunnerDe/ImagesTurner/smoke_2_10.png using Guid(5d808f4333e99e64cb24704d6ebb2428) Importer(815301076,1909f56bfc062723c751e8b465ee728b)  -> (artifact id: 'bd482e37ce075673177031707b53f569') in 0.012892 seconds
Number of updated asset objects reloaded before import = 0
Number of asset objects unloaded after import = 2
========================================================================
Received Import Request.
  Time since last request: 3.521097 seconds.
  path: Assets/Drawinguy/FreeSet/02 Spine/TunnerDe/Export/TernerDe_Atlas.asset
  artifactKey: Guid(3e549051c7b6e694ab151a19505919e4) Importer(815301076,1909f56bfc062723c751e8b465ee728b)
Start importing Assets/Drawinguy/FreeSet/02 Spine/TunnerDe/Export/TernerDe_Atlas.asset using Guid(3e549051c7b6e694ab151a19505919e4) Importer(815301076,1909f56bfc062723c751e8b465ee728b)  -> (artifact id: '88402fb19a8b34b2a6e2f181317495dd') in 0.002580 seconds
Number of updated asset objects reloaded before import = 0
Number of asset objects unloaded after import = 3
========================================================================
Received Prepare
Begin MonoManager ReloadAssembly
- Loaded All Assemblies, in  0.396 seconds
Refreshing native plugins compatible for Editor in 2.98 ms, found 4 plugins.
Native extension for WindowsStandalone target not found
Mono: successfully reloaded assembly
- Finished resetting the current domain, in  0.886 seconds
Domain Reload Profiling: 1283ms
	BeginReloadAssembly (148ms)
		ExecutionOrderSort (0ms)
		DisableScriptedObjects (9ms)
		BackupInstance (0ms)
		ReleaseScriptingObjects (0ms)
		CreateAndSetChildDomain (43ms)
	RebuildCommonClasses (33ms)
	RebuildNativeTypeToScriptingClass (9ms)
	initialDomainReloadingComplete (21ms)
	LoadAllAssembliesAndSetupDomain (184ms)
		LoadAssemblies (243ms)
		RebuildTransferFunctionScriptingTraits (0ms)
		AnalyzeDomain (14ms)
			TypeCache.Refresh (5ms)
				TypeCache.ScanAssembly (0ms)
			ScanForSourceGeneratedMonoScriptInfo (0ms)
			ResolveRequiredComponents (8ms)
	FinalizeReload (887ms)
		ReleaseScriptCaches (0ms)
		RebuildScriptCaches (0ms)
		SetupLoadedEditorAssemblies (416ms)
			LogAssemblyErrors (0ms)
			InitializePlatformSupportModulesInManaged (5ms)
			SetLoadedEditorAssemblies (4ms)
			RefreshPlugins (0ms)
			BeforeProcessingInitializeOnLoad (73ms)
			ProcessInitializeOnLoadAttributes (299ms)
			ProcessInitializeOnLoadMethodAttributes (33ms)
			AfterProcessingInitializeOnLoad (2ms)
			EditorAssembliesLoaded (0ms)
		ExecutionOrderSort2 (0ms)
		AwakeInstancesAfterBackupRestoration (14ms)
Refreshing native plugins compatible for Editor in 3.58 ms, found 4 plugins.
Preloading 0 native plugins for Editor in 0.00 ms.
Unloading 4369 Unused Serialized files (Serialized files now loaded: 0)
Unloading 85 unused Assets / (3.8 MB). Loaded Objects now: 4832.
Memory consumption went from 164.0 MB to 160.1 MB.
Total: 5.712900 ms (FindLiveObjects: 0.354200 ms CreateObjectMapping: 0.288100 ms MarkObjects: 2.849400 ms  DeleteObjects: 2.220000 ms)

Prepare: number of updated asset objects reloaded= 0
AssetImportParameters requested are different than current active one (requested -> active):
  custom:scripting/monoscript/fileName/FFGrid.cs: 601d7527c4b63a68a901f7e7388aa0d2 -> ef7a55246e74655d4c3b75d06d6a03f5
  custom:container-demuxer-ogg: 62fdf1f143b41e24485cea50d1cbac27 -> 
  custom:scripting/monoscript/fileName/PhysicsConstraintData.cs: 9d7d92fb5a61c43b79edbaf99cb0ddaf -> 
  custom:video-codec-MediaFoundation-h265: 746d11721c4dcdbdad8f713fa42b33f4 -> 
  custom:scripting/monoscript/fileName/PhysicsConstraint.cs: d4bc2c5e30ef3b9f16c9a6f9685c09fc -> 
  custom:video-decoder-ogg-theora: a1e56fd34408186e4bbccfd4996cb3dc -> 
  custom:framework-win-MediaFoundation: 216162199b28c13a410421893ffa2e32 -> 
  custom:CustomObjectIndexerAttribute: 9a22284fe3817be447336de3de66b15e -> 
  custom:container-demuxer-webm: 4f35f7cbe854078d1ac9338744f61a02 -> 
  custom:container-muxer-webm: aa71ff27fc2769a1b78a27578f13a17b -> 
  custom:video-decoder-webm-vp8: 9c59270c3fd7afecdb556c50c9e8de78 -> 
  custom:SearchIndexIgnoredProperties: e643bd26f0fe6173181afceb89e7c659 -> 
  custom:AudioImporter_EditorPlatform: d09bf68614088b80899f8185d706f6e7 -> 
  custom:scripting/monoscript/fileName/copDemoControl.cs: a623a6c40955290aae436f75a23e796b -> 
  custom:video-encoder-webm-vp8: eb34c28f22e8b96e1ab97ce403110664 -> 
  custom:audio-decoder-ogg-vorbis: bf7c407c2cedff20999df2af8eb42d56 -> 
  custom:scripting/monoscript/fileName/jadDemoControl.cs: 0bf1326e25680db93f9e9b08efc7b895 -> 
  custom:scripting/monoscript/fileName/ViewUnit.cs: 563ce7303cd31bdab30eaffc3a9bbedc -> 424c6013173d0285466d11aeca8d283f
  custom:scripting/monoscript/fileName/ViewScene.cs: ea1ad4c2c4b0d48e139c83dd16f3332a -> 7d4f20b6cf082128629b6565b1d5c14d
  custom:scripting/monoscript/fileName/RenderExistingMeshGraphic.cs: 559f98d0ae8b84cf5fff4b645f837dd8 -> 
  custom:scripting/monoscript/fileName/ObjectSwitcherDEMO.cs: 5032c0f54d26b4519816eff5599a653e -> 
  custom:audio-encoder-webm-vorbis: bf7c407c2cedff20999df2af8eb42d56 -> 
Editor requested this worker to shutdown with reason: Scaling down because of idle timeout
TcpMessagingSession - receive error: operation aborted. errorcode: 995, details:  /   -       .
AssetImportWorker is now disconnected from the server
Process exiting
Exiting without the bug reporter. Application will terminate with return code 0