Using pre-set license
Built from '2022.3/staging' branch; Version is '2022.3.27f1 (73effa14754f) revision 7598074'; Using compiler version '192829333'; Build Type 'Release'
OS: 'Windows 10  (10.0.19045) 64bit Professional' Language: 'ru' Physical Memory: 15578 MB
BatchMode: 1, IsHumanControllingUs: 0, StartBugReporterOnCrash: 0, Is64bit: 1, IsPro: 1

COMMAND LINE ARGUMENTS:
D:\2022.3.27f1\Editor\Unity.exe
-adb2
-batchMode
-noUpm
-name
AssetImportWorker4
-projectPath
D:/TechDesignTestProject
-logFile
Logs/AssetImportWorker4.log
-srvPort
63469
Successfully changed project path to: D:/TechDesignTestProject
D:/TechDesignTestProject
[UnityMemory] Configuration Parameters - Can be set up in boot.config
    "memorysetup-bucket-allocator-granularity=16"
    "memorysetup-bucket-allocator-bucket-count=8"
    "memorysetup-bucket-allocator-block-size=33554432"
    "memorysetup-bucket-allocator-block-count=8"
    "memorysetup-main-allocator-block-size=16777216"
    "memorysetup-thread-allocator-block-size=16777216"
    "memorysetup-gfx-main-allocator-block-size=16777216"
    "memorysetup-gfx-thread-allocator-block-size=16777216"
    "memorysetup-cache-allocator-block-size=4194304"
    "memorysetup-typetree-allocator-block-size=2097152"
    "memorysetup-profiler-bucket-allocator-granularity=16"
    "memorysetup-profiler-bucket-allocator-bucket-count=8"
    "memorysetup-profiler-bucket-allocator-block-size=33554432"
    "memorysetup-profiler-bucket-allocator-block-count=8"
    "memorysetup-profiler-allocator-block-size=16777216"
    "memorysetup-profiler-editor-allocator-block-size=1048576"
    "memorysetup-temp-allocator-size-main=16777216"
    "memorysetup-job-temp-allocator-block-size=2097152"
    "memorysetup-job-temp-allocator-block-size-background=1048576"
    "memorysetup-job-temp-allocator-reduction-small-platforms=262144"
    "memorysetup-allocator-temp-initial-block-size-main=262144"
    "memorysetup-allocator-temp-initial-block-size-worker=262144"
    "memorysetup-temp-allocator-size-background-worker=32768"
    "memorysetup-temp-allocator-size-job-worker=262144"
    "memorysetup-temp-allocator-size-preload-manager=33554432"
    "memorysetup-temp-allocator-size-nav-mesh-worker=65536"
    "memorysetup-temp-allocator-size-audio-worker=65536"
    "memorysetup-temp-allocator-size-cloud-worker=32768"
    "memorysetup-temp-allocator-size-gi-baking-worker=262144"
    "memorysetup-temp-allocator-size-gfx=262144"
Player connection [24328] Host "[IP] 10.144.223.128 [Port] 0 [Flags] 2 [Guid] 1006877765 [EditorId] 1006877765 [Version] 1048832 [Id] WindowsEditor(7,DESKTOP-8TLTS17) [Debug] 1 [PackageName] WindowsEditor [ProjectName] Editor" joined multi-casting on [225.0.0.222:54997]...

Player connection [24328] Host "[IP] 10.144.223.128 [Port] 0 [Flags] 2 [Guid] 1006877765 [EditorId] 1006877765 [Version] 1048832 [Id] WindowsEditor(7,DESKTOP-8TLTS17) [Debug] 1 [PackageName] WindowsEditor [ProjectName] Editor" joined alternative multi-casting on [225.0.0.222:34997]...

[Physics::Module] Initialized MultithreadedJobDispatcher with 15 workers.
Refreshing native plugins compatible for Editor in 13.98 ms, found 4 plugins.
Preloading 0 native plugins for Editor in 0.00 ms.
Initialize engine version: 2022.3.27f1 (73effa14754f)
[Subsystems] Discovering subsystems at path D:/2022.3.27f1/Editor/Data/Resources/UnitySubsystems
[Subsystems] Discovering subsystems at path D:/TechDesignTestProject/Assets
GfxDevice: creating device client; threaded=0; jobified=0
Direct3D:
    Version:  Direct3D 11.0 [level 11.1]
    Renderer: NVIDIA GeForce RTX 4050 Laptop GPU (ID=0x28e1)
    Vendor:   NVIDIA
    VRAM:     5921 MB
    Driver:   32.0.15.6626
Initialize mono
Mono path[0] = 'D:/2022.3.27f1/Editor/Data/Managed'
Mono path[1] = 'D:/2022.3.27f1/Editor/Data/MonoBleedingEdge/lib/mono/unityjit-win32'
Mono config path = 'D:/2022.3.27f1/Editor/Data/MonoBleedingEdge/etc'
Using monoOptions --debugger-agent=transport=dt_socket,embedding=1,server=y,suspend=n,address=127.0.0.1:56424
Begin MonoManager ReloadAssembly
Registering precompiled unity dll's ...
Register platform support module: D:/2022.3.27f1/Editor/Data/PlaybackEngines/WindowsStandaloneSupport/UnityEditor.WindowsStandalone.Extensions.dll
Registered in 0.004013 seconds.
- Loaded All Assemblies, in  0.255 seconds
Native extension for WindowsStandalone target not found
Mono: successfully reloaded assembly
- Finished resetting the current domain, in  0.212 seconds
Domain Reload Profiling: 467ms
	BeginReloadAssembly (82ms)
		ExecutionOrderSort (0ms)
		DisableScriptedObjects (0ms)
		BackupInstance (0ms)
		ReleaseScriptingObjects (0ms)
		CreateAndSetChildDomain (1ms)
	RebuildCommonClasses (25ms)
	RebuildNativeTypeToScriptingClass (8ms)
	initialDomainReloadingComplete (40ms)
	LoadAllAssembliesAndSetupDomain (100ms)
		LoadAssemblies (81ms)
		RebuildTransferFunctionScriptingTraits (0ms)
		AnalyzeDomain (99ms)
			TypeCache.Refresh (98ms)
				TypeCache.ScanAssembly (88ms)
			ScanForSourceGeneratedMonoScriptInfo (0ms)
			ResolveRequiredComponents (0ms)
	FinalizeReload (212ms)
		ReleaseScriptCaches (0ms)
		RebuildScriptCaches (0ms)
		SetupLoadedEditorAssemblies (167ms)
			LogAssemblyErrors (0ms)
			InitializePlatformSupportModulesInManaged (6ms)
			SetLoadedEditorAssemblies (6ms)
			RefreshPlugins (0ms)
			BeforeProcessingInitializeOnLoad (2ms)
			ProcessInitializeOnLoadAttributes (117ms)
			ProcessInitializeOnLoadMethodAttributes (37ms)
			AfterProcessingInitializeOnLoad (0ms)
			EditorAssembliesLoaded (0ms)
		ExecutionOrderSort2 (0ms)
		AwakeInstancesAfterBackupRestoration (0ms)
========================================================================
Worker process is ready to serve import requests
Begin MonoManager ReloadAssembly
- Loaded All Assemblies, in  0.477 seconds
Refreshing native plugins compatible for Editor in 3.13 ms, found 4 plugins.
Native extension for WindowsStandalone target not found
Mono: successfully reloaded assembly
- Finished resetting the current domain, in  0.492 seconds
Domain Reload Profiling: 969ms
	BeginReloadAssembly (118ms)
		ExecutionOrderSort (0ms)
		DisableScriptedObjects (4ms)
		BackupInstance (0ms)
		ReleaseScriptingObjects (0ms)
		CreateAndSetChildDomain (20ms)
	RebuildCommonClasses (25ms)
	RebuildNativeTypeToScriptingClass (8ms)
	initialDomainReloadingComplete (30ms)
	LoadAllAssembliesAndSetupDomain (296ms)
		LoadAssemblies (228ms)
		RebuildTransferFunctionScriptingTraits (0ms)
		AnalyzeDomain (136ms)
			TypeCache.Refresh (108ms)
				TypeCache.ScanAssembly (96ms)
			ScanForSourceGeneratedMonoScriptInfo (17ms)
			ResolveRequiredComponents (8ms)
	FinalizeReload (493ms)
		ReleaseScriptCaches (0ms)
		RebuildScriptCaches (0ms)
		SetupLoadedEditorAssemblies (364ms)
			LogAssemblyErrors (0ms)
			InitializePlatformSupportModulesInManaged (4ms)
			SetLoadedEditorAssemblies (4ms)
			RefreshPlugins (0ms)
			BeforeProcessingInitializeOnLoad (54ms)
			ProcessInitializeOnLoadAttributes (269ms)
			ProcessInitializeOnLoadMethodAttributes (30ms)
			AfterProcessingInitializeOnLoad (2ms)
			EditorAssembliesLoaded (0ms)
		ExecutionOrderSort2 (0ms)
		AwakeInstancesAfterBackupRestoration (5ms)
Launched and connected shader compiler UnityShaderCompiler.exe after 0.04 seconds
Refreshing native plugins compatible for Editor in 2.94 ms, found 4 plugins.
Preloading 0 native plugins for Editor in 0.00 ms.
Unloading 4391 Unused Serialized files (Serialized files now loaded: 0)
Unloading 113 unused Assets / (3.8 MB). Loaded Objects now: 4809.
Memory consumption went from 169.3 MB to 165.5 MB.
Total: 4.533800 ms (FindLiveObjects: 0.358400 ms CreateObjectMapping: 0.172300 ms MarkObjects: 2.544300 ms  DeleteObjects: 1.457800 ms)

AssetImportParameters requested are different than current active one (requested -> active):
  custom:scripting/monoscript/fileName/FFGrid.cs: 601d7527c4b63a68a901f7e7388aa0d2 -> ef7a55246e74655d4c3b75d06d6a03f5
  custom:container-demuxer-ogg: 62fdf1f143b41e24485cea50d1cbac27 -> 
  custom:scripting/monoscript/fileName/PhysicsConstraintData.cs: 9d7d92fb5a61c43b79edbaf99cb0ddaf -> 
  custom:video-codec-MediaFoundation-h265: 746d11721c4dcdbdad8f713fa42b33f4 -> 
  custom:scripting/monoscript/fileName/PhysicsConstraint.cs: d4bc2c5e30ef3b9f16c9a6f9685c09fc -> 
  custom:video-decoder-ogg-theora: a1e56fd34408186e4bbccfd4996cb3dc -> 
  custom:framework-win-MediaFoundation: 216162199b28c13a410421893ffa2e32 -> 
  custom:CustomObjectIndexerAttribute: 9a22284fe3817be447336de3de66b15e -> 
  custom:container-demuxer-webm: 4f35f7cbe854078d1ac9338744f61a02 -> 
  custom:container-muxer-webm: aa71ff27fc2769a1b78a27578f13a17b -> 
  custom:video-decoder-webm-vp8: 9c59270c3fd7afecdb556c50c9e8de78 -> 
  custom:SearchIndexIgnoredProperties: e643bd26f0fe6173181afceb89e7c659 -> 
  custom:AudioImporter_EditorPlatform: d09bf68614088b80899f8185d706f6e7 -> 
  custom:scripting/monoscript/fileName/copDemoControl.cs: a623a6c40955290aae436f75a23e796b -> 
  custom:video-encoder-webm-vp8: eb34c28f22e8b96e1ab97ce403110664 -> 
  custom:audio-decoder-ogg-vorbis: bf7c407c2cedff20999df2af8eb42d56 -> 
  custom:scripting/monoscript/fileName/jadDemoControl.cs: 0bf1326e25680db93f9e9b08efc7b895 -> 
  custom:scripting/monoscript/fileName/ViewUnit.cs: 563ce7303cd31bdab30eaffc3a9bbedc -> 424c6013173d0285466d11aeca8d283f
  custom:scripting/monoscript/fileName/ViewScene.cs: ea1ad4c2c4b0d48e139c83dd16f3332a -> 7d4f20b6cf082128629b6565b1d5c14d
  custom:scripting/monoscript/fileName/RenderExistingMeshGraphic.cs: 559f98d0ae8b84cf5fff4b645f837dd8 -> 
  custom:scripting/monoscript/fileName/ObjectSwitcherDEMO.cs: 5032c0f54d26b4519816eff5599a653e -> 
  custom:audio-encoder-webm-vorbis: bf7c407c2cedff20999df2af8eb42d56 -> 
========================================================================
Received Import Request.
  Time since last request: 4043.790744 seconds.
  path: Assets/Drawinguy/FreeSet/02 Spine/TunnerDe/ImagesTurner/manteau
  artifactKey: Guid(47934a931f046f94197f47f1848b6f2a) Importer(815301076,1909f56bfc062723c751e8b465ee728b)
Start importing Assets/Drawinguy/FreeSet/02 Spine/TunnerDe/ImagesTurner/manteau using Guid(47934a931f046f94197f47f1848b6f2a) Importer(815301076,1909f56bfc062723c751e8b465ee728b)  -> (artifact id: 'e87b1afb3360f776e584dc2bad683cf8') in 0.002492 seconds
Number of updated asset objects reloaded before import = 0
Number of asset objects unloaded after import = 0
========================================================================
Received Import Request.
  Time since last request: 0.033589 seconds.
  path: Assets/Drawinguy/FreeSet/02 Spine/TunnerDe/ImagesTurner/manteau/л €мќґм–ґ-97.png
  artifactKey: Guid(489200f43ebf22343b288577d8c16595) Importer(815301076,1909f56bfc062723c751e8b465ee728b)
Start importing Assets/Drawinguy/FreeSet/02 Spine/TunnerDe/ImagesTurner/manteau/л €мќґм–ґ-97.png using Guid(489200f43ebf22343b288577d8c16595) Importer(815301076,1909f56bfc062723c751e8b465ee728b)  -> (artifact id: '649d55de18399aeb42aca03cda1753ff') in 0.053672 seconds
Number of updated asset objects reloaded before import = 0
Number of asset objects unloaded after import = 2
========================================================================
Received Import Request.
  Time since last request: 5.236154 seconds.
  path: Assets/Drawinguy/FreeSet/02 Spine/TunnerDe/ImagesTurner/face_dead.png
  artifactKey: Guid(7a34730748604434a898a44ac4d73fbe) Importer(815301076,1909f56bfc062723c751e8b465ee728b)
Start importing Assets/Drawinguy/FreeSet/02 Spine/TunnerDe/ImagesTurner/face_dead.png using Guid(7a34730748604434a898a44ac4d73fbe) Importer(815301076,1909f56bfc062723c751e8b465ee728b)  -> (artifact id: '5bdab886db7a417137248ddc22fe2c7c') in 0.017752 seconds
Number of updated asset objects reloaded before import = 0
Number of asset objects unloaded after import = 2
========================================================================
Received Import Request.
  Time since last request: 0.000020 seconds.
  path: Assets/Drawinguy/FreeSet/02 Spine/TunnerDe/ImagesTurner/parti_08.png
  artifactKey: Guid(88814ceaf2d150c4392f61e0cda650bf) Importer(815301076,1909f56bfc062723c751e8b465ee728b)
Start importing Assets/Drawinguy/FreeSet/02 Spine/TunnerDe/ImagesTurner/parti_08.png using Guid(88814ceaf2d150c4392f61e0cda650bf) Importer(815301076,1909f56bfc062723c751e8b465ee728b)  -> (artifact id: '265301d808dec92c00fb74d32e07e3d2') in 0.014013 seconds
Number of updated asset objects reloaded before import = 0
Number of asset objects unloaded after import = 2
========================================================================
Received Import Request.
  Time since last request: 0.000029 seconds.
  path: Assets/Drawinguy/FreeSet/02 Spine/TunnerDe/ImagesTurner/parti_01.png
  artifactKey: Guid(366bf07932aac5e43ade3760c63ab58c) Importer(815301076,1909f56bfc062723c751e8b465ee728b)
Start importing Assets/Drawinguy/FreeSet/02 Spine/TunnerDe/ImagesTurner/parti_01.png using Guid(366bf07932aac5e43ade3760c63ab58c) Importer(815301076,1909f56bfc062723c751e8b465ee728b)  -> (artifact id: 'e25e73f019094987aaf89b999146279a') in 0.047299 seconds
Number of updated asset objects reloaded before import = 0
Number of asset objects unloaded after import = 2
========================================================================
Received Import Request.
  Time since last request: 0.000014 seconds.
  path: Assets/Drawinguy/FreeSet/02 Spine/TunnerDe/ImagesTurner/parti_02.png
  artifactKey: Guid(d5c495d8a14bb4247b041a37d3d1f9b2) Importer(815301076,1909f56bfc062723c751e8b465ee728b)
Start importing Assets/Drawinguy/FreeSet/02 Spine/TunnerDe/ImagesTurner/parti_02.png using Guid(d5c495d8a14bb4247b041a37d3d1f9b2) Importer(815301076,1909f56bfc062723c751e8b465ee728b)  -> (artifact id: '1e96517f432e14137ee298eaa1186a47') in 0.060107 seconds
Number of updated asset objects reloaded before import = 0
Number of asset objects unloaded after import = 2
========================================================================
Received Import Request.
  Time since last request: 0.399523 seconds.
  path: Assets/Drawinguy/FreeSet/02 Spine/TunnerDe/ImagesTurner/parti_10.png
  artifactKey: Guid(96ff47ac672c1414ea3d658691aad8e4) Importer(815301076,1909f56bfc062723c751e8b465ee728b)
Start importing Assets/Drawinguy/FreeSet/02 Spine/TunnerDe/ImagesTurner/parti_10.png using Guid(96ff47ac672c1414ea3d658691aad8e4) Importer(815301076,1909f56bfc062723c751e8b465ee728b)  -> (artifact id: '8db664e136df0f9fb3451e0ab997fac9') in 0.265444 seconds
Number of updated asset objects reloaded before import = 0
Number of asset objects unloaded after import = 2
========================================================================
Received Import Request.
  Time since last request: 0.000020 seconds.
  path: Assets/Drawinguy/FreeSet/02 Spine/TunnerDe/ImagesTurner/parti_23.png
  artifactKey: Guid(16e345be7586e0f468c42fc63a4f7a8c) Importer(815301076,1909f56bfc062723c751e8b465ee728b)
Start importing Assets/Drawinguy/FreeSet/02 Spine/TunnerDe/ImagesTurner/parti_23.png using Guid(16e345be7586e0f468c42fc63a4f7a8c) Importer(815301076,1909f56bfc062723c751e8b465ee728b)  -> (artifact id: '8eb54b87ec14512fc60cbc1b40e89366') in 0.005673 seconds
Number of updated asset objects reloaded before import = 0
Number of asset objects unloaded after import = 2
========================================================================
Received Import Request.
  Time since last request: 0.000028 seconds.
  path: Assets/Drawinguy/FreeSet/02 Spine/TunnerDe/ImagesTurner/rikochet_0005.png
  artifactKey: Guid(ed1918f42c751dd48baffd89c0ce777a) Importer(815301076,1909f56bfc062723c751e8b465ee728b)
Start importing Assets/Drawinguy/FreeSet/02 Spine/TunnerDe/ImagesTurner/rikochet_0005.png using Guid(ed1918f42c751dd48baffd89c0ce777a) Importer(815301076,1909f56bfc062723c751e8b465ee728b)  -> (artifact id: '45b6bc12b9dc95efceb040324da06d53') in 0.045909 seconds
Number of updated asset objects reloaded before import = 0
Number of asset objects unloaded after import = 2
========================================================================
Received Import Request.
  Time since last request: 0.000017 seconds.
  path: Assets/Drawinguy/FreeSet/02 Spine/TunnerDe/ImagesTurner/rikochet_0003.png
  artifactKey: Guid(07cc80b774aa6364a9336dff7e8bdbf8) Importer(815301076,1909f56bfc062723c751e8b465ee728b)
Start importing Assets/Drawinguy/FreeSet/02 Spine/TunnerDe/ImagesTurner/rikochet_0003.png using Guid(07cc80b774aa6364a9336dff7e8bdbf8) Importer(815301076,1909f56bfc062723c751e8b465ee728b)  -> (artifact id: '51fbb9ce122b4fae822020f6c1553727') in 0.052145 seconds
Number of updated asset objects reloaded before import = 0
Number of asset objects unloaded after import = 2
========================================================================
Received Import Request.
  Time since last request: 0.000015 seconds.
  path: Assets/Drawinguy/FreeSet/02 Spine/TunnerDe/ImagesTurner/shadow.png
  artifactKey: Guid(5b97be1c5c478b64e8b732b8621e31c4) Importer(815301076,1909f56bfc062723c751e8b465ee728b)
Start importing Assets/Drawinguy/FreeSet/02 Spine/TunnerDe/ImagesTurner/shadow.png using Guid(5b97be1c5c478b64e8b732b8621e31c4) Importer(815301076,1909f56bfc062723c751e8b465ee728b)  -> (artifact id: 'bff9f66a0c512932feb077cf42b9fa04') in 0.030432 seconds
Number of updated asset objects reloaded before import = 0
Number of asset objects unloaded after import = 2
========================================================================
Received Import Request.
  Time since last request: 0.000017 seconds.
  path: Assets/Drawinguy/FreeSet/02 Spine/TunnerDe/ImagesTurner/rikochet_0001.png
  artifactKey: Guid(b387149f1884cdf46a9826c6ed2a3b1b) Importer(815301076,1909f56bfc062723c751e8b465ee728b)
Start importing Assets/Drawinguy/FreeSet/02 Spine/TunnerDe/ImagesTurner/rikochet_0001.png using Guid(b387149f1884cdf46a9826c6ed2a3b1b) Importer(815301076,1909f56bfc062723c751e8b465ee728b)  -> (artifact id: '5f491814ac0b9e06e0ab519ad3d5fd18') in 0.033475 seconds
Number of updated asset objects reloaded before import = 0
Number of asset objects unloaded after import = 2
========================================================================
Received Import Request.
  Time since last request: 0.000018 seconds.
  path: Assets/Drawinguy/FreeSet/02 Spine/TunnerDe/ImagesTurner/parti_17.png
  artifactKey: Guid(0459204e6de32714c8d5fd32e47ea250) Importer(815301076,1909f56bfc062723c751e8b465ee728b)
Start importing Assets/Drawinguy/FreeSet/02 Spine/TunnerDe/ImagesTurner/parti_17.png using Guid(0459204e6de32714c8d5fd32e47ea250) Importer(815301076,1909f56bfc062723c751e8b465ee728b)  -> (artifact id: '5cbc16ce213f17a7bfeb07bb0d978693') in 0.081656 seconds
Number of updated asset objects reloaded before import = 0
Number of asset objects unloaded after import = 2
========================================================================
Received Import Request.
  Time since last request: 0.000025 seconds.
  path: Assets/Drawinguy/FreeSet/02 Spine/TunnerDe/ImagesTurner/parti_19.png
  artifactKey: Guid(d25af278f50969a4eb40d86f58dbb5d2) Importer(815301076,1909f56bfc062723c751e8b465ee728b)
Start importing Assets/Drawinguy/FreeSet/02 Spine/TunnerDe/ImagesTurner/parti_19.png using Guid(d25af278f50969a4eb40d86f58dbb5d2) Importer(815301076,1909f56bfc062723c751e8b465ee728b)  -> (artifact id: 'cfb820f1cdab66f57d5212657ac2b116') in 0.049371 seconds
Number of updated asset objects reloaded before import = 0
Number of asset objects unloaded after import = 2
========================================================================
Received Import Request.
  Time since last request: 2.530258 seconds.
  path: Assets/Drawinguy/FreeSet/02 Spine/TunnerDe/ImagesTurner/smoke_2_06.png
  artifactKey: Guid(ffa64aa2acedbb54db72130398378d7c) Importer(815301076,1909f56bfc062723c751e8b465ee728b)
Start importing Assets/Drawinguy/FreeSet/02 Spine/TunnerDe/ImagesTurner/smoke_2_06.png using Guid(ffa64aa2acedbb54db72130398378d7c) Importer(815301076,1909f56bfc062723c751e8b465ee728b)  -> (artifact id: '9edacefb8a082675218f6b93faef4a66') in 0.013790 seconds
Number of updated asset objects reloaded before import = 0
Number of asset objects unloaded after import = 2
========================================================================
Received Import Request.
  Time since last request: 0.000015 seconds.
  path: Assets/Drawinguy/FreeSet/02 Spine/TunnerDe/ImagesTurner/smoke_2_13.png
  artifactKey: Guid(2f3dc19d3dbb31e4898ebc407892c3bf) Importer(815301076,1909f56bfc062723c751e8b465ee728b)
Start importing Assets/Drawinguy/FreeSet/02 Spine/TunnerDe/ImagesTurner/smoke_2_13.png using Guid(2f3dc19d3dbb31e4898ebc407892c3bf) Importer(815301076,1909f56bfc062723c751e8b465ee728b)  -> (artifact id: 'b7799e844c9e469ef07ed0fcac06903e') in 0.005606 seconds
Number of updated asset objects reloaded before import = 0
Number of asset objects unloaded after import = 2
========================================================================
Received Import Request.
  Time since last request: 0.000019 seconds.
  path: Assets/Drawinguy/FreeSet/02 Spine/TunnerDe/ImagesTurner/smoke_2_11.png
  artifactKey: Guid(412e1bfff6921424eb526100e024f3c0) Importer(815301076,1909f56bfc062723c751e8b465ee728b)
Start importing Assets/Drawinguy/FreeSet/02 Spine/TunnerDe/ImagesTurner/smoke_2_11.png using Guid(412e1bfff6921424eb526100e024f3c0) Importer(815301076,1909f56bfc062723c751e8b465ee728b)  -> (artifact id: 'b8b257ef95d28cc0f1b625477d446826') in 0.056715 seconds
Number of updated asset objects reloaded before import = 0
Number of asset objects unloaded after import = 2
========================================================================
Received Import Request.
  Time since last request: 3.474946 seconds.
  path: Assets/Drawinguy/FreeSet/02 Spine/TunnerDe/Export
  artifactKey: Guid(f8ea0eae8f14f124c8bd07e72ac330c7) Importer(815301076,1909f56bfc062723c751e8b465ee728b)
Start importing Assets/Drawinguy/FreeSet/02 Spine/TunnerDe/Export using Guid(f8ea0eae8f14f124c8bd07e72ac330c7) Importer(815301076,1909f56bfc062723c751e8b465ee728b)  -> (artifact id: 'de2bc5824515777e8fa4b19b0c8c70b9') in 0.000523 seconds
Number of updated asset objects reloaded before import = 0
Number of asset objects unloaded after import = 0
========================================================================
Received Import Request.
  Time since last request: 0.062252 seconds.
  path: Assets/Drawinguy/FreeSet/02 Spine/TunnerDe/Export/TernerDe.png
  artifactKey: Guid(8c31797386664a64ebdecf52761481e6) Importer(815301076,1909f56bfc062723c751e8b465ee728b)
Start importing Assets/Drawinguy/FreeSet/02 Spine/TunnerDe/Export/TernerDe.png using Guid(8c31797386664a64ebdecf52761481e6) Importer(815301076,1909f56bfc062723c751e8b465ee728b)  -> (artifact id: 'e063dc1d545dde1e0b5e108e094f7a53') in 0.025331 seconds
Number of updated asset objects reloaded before import = 0
Number of asset objects unloaded after import = 2
========================================================================
Received Prepare
Begin MonoManager ReloadAssembly
- Loaded All Assemblies, in  0.404 seconds
Refreshing native plugins compatible for Editor in 4.57 ms, found 4 plugins.
Native extension for WindowsStandalone target not found
Mono: successfully reloaded assembly
- Finished resetting the current domain, in  0.883 seconds
Domain Reload Profiling: 1287ms
	BeginReloadAssembly (152ms)
		ExecutionOrderSort (0ms)
		DisableScriptedObjects (11ms)
		BackupInstance (0ms)
		ReleaseScriptingObjects (0ms)
		CreateAndSetChildDomain (39ms)
	RebuildCommonClasses (29ms)
	RebuildNativeTypeToScriptingClass (12ms)
	initialDomainReloadingComplete (23ms)
	LoadAllAssembliesAndSetupDomain (188ms)
		LoadAssemblies (242ms)
		RebuildTransferFunctionScriptingTraits (0ms)
		AnalyzeDomain (20ms)
			TypeCache.Refresh (6ms)
				TypeCache.ScanAssembly (0ms)
			ScanForSourceGeneratedMonoScriptInfo (0ms)
			ResolveRequiredComponents (12ms)
	FinalizeReload (884ms)
		ReleaseScriptCaches (0ms)
		RebuildScriptCaches (0ms)
		SetupLoadedEditorAssemblies (414ms)
			LogAssemblyErrors (0ms)
			InitializePlatformSupportModulesInManaged (5ms)
			SetLoadedEditorAssemblies (5ms)
			RefreshPlugins (0ms)
			BeforeProcessingInitializeOnLoad (71ms)
			ProcessInitializeOnLoadAttributes (297ms)
			ProcessInitializeOnLoadMethodAttributes (34ms)
			AfterProcessingInitializeOnLoad (2ms)
			EditorAssembliesLoaded (0ms)
		ExecutionOrderSort2 (0ms)
		AwakeInstancesAfterBackupRestoration (14ms)
Refreshing native plugins compatible for Editor in 3.50 ms, found 4 plugins.
Preloading 0 native plugins for Editor in 0.00 ms.
Unloading 4369 Unused Serialized files (Serialized files now loaded: 0)
Unloading 85 unused Assets / (3.7 MB). Loaded Objects now: 4819.
Memory consumption went from 163.8 MB to 160.1 MB.
Total: 5.054100 ms (FindLiveObjects: 0.326800 ms CreateObjectMapping: 0.163700 ms MarkObjects: 2.601900 ms  DeleteObjects: 1.960700 ms)

Prepare: number of updated asset objects reloaded= 0
AssetImportParameters requested are different than current active one (requested -> active):
  custom:scripting/monoscript/fileName/FFGrid.cs: 601d7527c4b63a68a901f7e7388aa0d2 -> ef7a55246e74655d4c3b75d06d6a03f5
  custom:container-demuxer-ogg: 62fdf1f143b41e24485cea50d1cbac27 -> 
  custom:scripting/monoscript/fileName/PhysicsConstraintData.cs: 9d7d92fb5a61c43b79edbaf99cb0ddaf -> 
  custom:video-codec-MediaFoundation-h265: 746d11721c4dcdbdad8f713fa42b33f4 -> 
  custom:scripting/monoscript/fileName/PhysicsConstraint.cs: d4bc2c5e30ef3b9f16c9a6f9685c09fc -> 
  custom:video-decoder-ogg-theora: a1e56fd34408186e4bbccfd4996cb3dc -> 
  custom:framework-win-MediaFoundation: 216162199b28c13a410421893ffa2e32 -> 
  custom:CustomObjectIndexerAttribute: 9a22284fe3817be447336de3de66b15e -> 
  custom:container-demuxer-webm: 4f35f7cbe854078d1ac9338744f61a02 -> 
  custom:container-muxer-webm: aa71ff27fc2769a1b78a27578f13a17b -> 
  custom:video-decoder-webm-vp8: 9c59270c3fd7afecdb556c50c9e8de78 -> 
  custom:SearchIndexIgnoredProperties: e643bd26f0fe6173181afceb89e7c659 -> 
  custom:AudioImporter_EditorPlatform: d09bf68614088b80899f8185d706f6e7 -> 
  custom:scripting/monoscript/fileName/copDemoControl.cs: a623a6c40955290aae436f75a23e796b -> 
  custom:video-encoder-webm-vp8: eb34c28f22e8b96e1ab97ce403110664 -> 
  custom:audio-decoder-ogg-vorbis: bf7c407c2cedff20999df2af8eb42d56 -> 
  custom:scripting/monoscript/fileName/jadDemoControl.cs: 0bf1326e25680db93f9e9b08efc7b895 -> 
  custom:scripting/monoscript/fileName/ViewUnit.cs: 563ce7303cd31bdab30eaffc3a9bbedc -> 424c6013173d0285466d11aeca8d283f
  custom:scripting/monoscript/fileName/ViewScene.cs: ea1ad4c2c4b0d48e139c83dd16f3332a -> 7d4f20b6cf082128629b6565b1d5c14d
  custom:scripting/monoscript/fileName/RenderExistingMeshGraphic.cs: 559f98d0ae8b84cf5fff4b645f837dd8 -> 
  custom:scripting/monoscript/fileName/ObjectSwitcherDEMO.cs: 5032c0f54d26b4519816eff5599a653e -> 
  custom:audio-encoder-webm-vorbis: bf7c407c2cedff20999df2af8eb42d56 -> 
Editor requested this worker to shutdown with reason: Scaling down because of idle timeout
TcpMessagingSession - receive error: operation aborted. errorcode: 995, details: Операция ввода/вывода была прервана из-за завершения потока команд или по запросу приложения.
AssetImportWorker is now disconnected from the server
Process exiting
Exiting without the bug reporter. Application will terminate with return code 0