Using pre-set license
Built from '2022.3/staging' branch; Version is '2022.3.27f1 (73effa14754f) revision 7598074'; Using compiler version '192829333'; Build Type 'Release'
OS: 'Windows 10  (10.0.19045) 64bit Professional' Language: 'ru' Physical Memory: 15578 MB
BatchMode: 1, IsHumanControllingUs: 0, StartBugReporterOnCrash: 0, Is64bit: 1, IsPro: 1

COMMAND LINE ARGUMENTS:
D:\2022.3.27f1\Editor\Unity.exe
-adb2
-batchMode
-noUpm
-name
AssetImportWorker2
-projectPath
D:/TechDesignTestProject
-logFile
Logs/AssetImportWorker2.log
-srvPort
51962
Successfully changed project path to: D:/TechDesignTestProject
D:/TechDesignTestProject
[UnityMemory] Configuration Parameters - Can be set up in boot.config
    "memorysetup-bucket-allocator-granularity=16"
    "memorysetup-bucket-allocator-bucket-count=8"
    "memorysetup-bucket-allocator-block-size=33554432"
    "memorysetup-bucket-allocator-block-count=8"
    "memorysetup-main-allocator-block-size=16777216"
    "memorysetup-thread-allocator-block-size=16777216"
    "memorysetup-gfx-main-allocator-block-size=16777216"
    "memorysetup-gfx-thread-allocator-block-size=16777216"
    "memorysetup-cache-allocator-block-size=4194304"
    "memorysetup-typetree-allocator-block-size=2097152"
    "memorysetup-profiler-bucket-allocator-granularity=16"
    "memorysetup-profiler-bucket-allocator-bucket-count=8"
    "memorysetup-profiler-bucket-allocator-block-size=33554432"
    "memorysetup-profiler-bucket-allocator-block-count=8"
    "memorysetup-profiler-allocator-block-size=16777216"
    "memorysetup-profiler-editor-allocator-block-size=1048576"
    "memorysetup-temp-allocator-size-main=16777216"
    "memorysetup-job-temp-allocator-block-size=2097152"
    "memorysetup-job-temp-allocator-block-size-background=1048576"
    "memorysetup-job-temp-allocator-reduction-small-platforms=262144"
    "memorysetup-allocator-temp-initial-block-size-main=262144"
    "memorysetup-allocator-temp-initial-block-size-worker=262144"
    "memorysetup-temp-allocator-size-background-worker=32768"
    "memorysetup-temp-allocator-size-job-worker=262144"
    "memorysetup-temp-allocator-size-preload-manager=33554432"
    "memorysetup-temp-allocator-size-nav-mesh-worker=65536"
    "memorysetup-temp-allocator-size-audio-worker=65536"
    "memorysetup-temp-allocator-size-cloud-worker=32768"
    "memorysetup-temp-allocator-size-gi-baking-worker=262144"
    "memorysetup-temp-allocator-size-gfx=262144"
Player connection [20364] Host "[IP] 10.144.223.128 [Port] 0 [Flags] 2 [Guid] 2652371382 [EditorId] 2652371382 [Version] 1048832 [Id] WindowsEditor(7,DESKTOP-8TLTS17) [Debug] 1 [PackageName] WindowsEditor [ProjectName] Editor" joined multi-casting on [225.0.0.222:54997]...

Player connection [20364] Host "[IP] 10.144.223.128 [Port] 0 [Flags] 2 [Guid] 2652371382 [EditorId] 2652371382 [Version] 1048832 [Id] WindowsEditor(7,DESKTOP-8TLTS17) [Debug] 1 [PackageName] WindowsEditor [ProjectName] Editor" joined alternative multi-casting on [225.0.0.222:34997]...

[Physics::Module] Initialized MultithreadedJobDispatcher with 15 workers.
Refreshing native plugins compatible for Editor in 12.48 ms, found 4 plugins.
Preloading 0 native plugins for Editor in 0.00 ms.
Initialize engine version: 2022.3.27f1 (73effa14754f)
[Subsystems] Discovering subsystems at path D:/2022.3.27f1/Editor/Data/Resources/UnitySubsystems
[Subsystems] Discovering subsystems at path D:/TechDesignTestProject/Assets
GfxDevice: creating device client; threaded=0; jobified=0
Direct3D:
    Version:  Direct3D 11.0 [level 11.1]
    Renderer: NVIDIA GeForce RTX 4050 Laptop GPU (ID=0x28e1)
    Vendor:   NVIDIA
    VRAM:     5921 MB
    Driver:   32.0.15.6626
Initialize mono
Mono path[0] = 'D:/2022.3.27f1/Editor/Data/Managed'
Mono path[1] = 'D:/2022.3.27f1/Editor/Data/MonoBleedingEdge/lib/mono/unityjit-win32'
Mono config path = 'D:/2022.3.27f1/Editor/Data/MonoBleedingEdge/etc'
Using monoOptions --debugger-agent=transport=dt_socket,embedding=1,server=y,suspend=n,address=127.0.0.1:56360
Begin MonoManager ReloadAssembly
Registering precompiled unity dll's ...
Register platform support module: D:/2022.3.27f1/Editor/Data/PlaybackEngines/WindowsStandaloneSupport/UnityEditor.WindowsStandalone.Extensions.dll
Registered in 0.004345 seconds.
- Loaded All Assemblies, in  0.242 seconds
Native extension for WindowsStandalone target not found
Mono: successfully reloaded assembly
- Finished resetting the current domain, in  0.214 seconds
Domain Reload Profiling: 456ms
	BeginReloadAssembly (77ms)
		ExecutionOrderSort (0ms)
		DisableScriptedObjects (0ms)
		BackupInstance (0ms)
		ReleaseScriptingObjects (0ms)
		CreateAndSetChildDomain (1ms)
	RebuildCommonClasses (25ms)
	RebuildNativeTypeToScriptingClass (7ms)
	initialDomainReloadingComplete (41ms)
	LoadAllAssembliesAndSetupDomain (91ms)
		LoadAssemblies (77ms)
		RebuildTransferFunctionScriptingTraits (0ms)
		AnalyzeDomain (89ms)
			TypeCache.Refresh (88ms)
				TypeCache.ScanAssembly (79ms)
			ScanForSourceGeneratedMonoScriptInfo (0ms)
			ResolveRequiredComponents (0ms)
	FinalizeReload (214ms)
		ReleaseScriptCaches (0ms)
		RebuildScriptCaches (0ms)
		SetupLoadedEditorAssemblies (169ms)
			LogAssemblyErrors (0ms)
			InitializePlatformSupportModulesInManaged (7ms)
			SetLoadedEditorAssemblies (7ms)
			RefreshPlugins (0ms)
			BeforeProcessingInitializeOnLoad (3ms)
			ProcessInitializeOnLoadAttributes (117ms)
			ProcessInitializeOnLoadMethodAttributes (34ms)
			AfterProcessingInitializeOnLoad (0ms)
			EditorAssembliesLoaded (0ms)
		ExecutionOrderSort2 (0ms)
		AwakeInstancesAfterBackupRestoration (0ms)
========================================================================
Worker process is ready to serve import requests
Begin MonoManager ReloadAssembly
- Loaded All Assemblies, in  0.561 seconds
Refreshing native plugins compatible for Editor in 3.31 ms, found 4 plugins.
Native extension for WindowsStandalone target not found
Mono: successfully reloaded assembly
- Finished resetting the current domain, in  0.642 seconds
Domain Reload Profiling: 1203ms
	BeginReloadAssembly (137ms)
		ExecutionOrderSort (0ms)
		DisableScriptedObjects (5ms)
		BackupInstance (0ms)
		ReleaseScriptingObjects (0ms)
		CreateAndSetChildDomain (23ms)
	RebuildCommonClasses (29ms)
	RebuildNativeTypeToScriptingClass (9ms)
	initialDomainReloadingComplete (33ms)
	LoadAllAssembliesAndSetupDomain (353ms)
		LoadAssemblies (261ms)
		RebuildTransferFunctionScriptingTraits (0ms)
		AnalyzeDomain (170ms)
			TypeCache.Refresh (139ms)
				TypeCache.ScanAssembly (125ms)
			ScanForSourceGeneratedMonoScriptInfo (23ms)
			ResolveRequiredComponents (7ms)
	FinalizeReload (643ms)
		ReleaseScriptCaches (0ms)
		RebuildScriptCaches (0ms)
		SetupLoadedEditorAssemblies (468ms)
			LogAssemblyErrors (0ms)
			InitializePlatformSupportModulesInManaged (4ms)
			SetLoadedEditorAssemblies (5ms)
			RefreshPlugins (0ms)
			BeforeProcessingInitializeOnLoad (71ms)
			ProcessInitializeOnLoadAttributes (341ms)
			ProcessInitializeOnLoadMethodAttributes (44ms)
			AfterProcessingInitializeOnLoad (3ms)
			EditorAssembliesLoaded (0ms)
		ExecutionOrderSort2 (0ms)
		AwakeInstancesAfterBackupRestoration (7ms)
Launched and connected shader compiler UnityShaderCompiler.exe after 0.04 seconds
Refreshing native plugins compatible for Editor in 3.42 ms, found 4 plugins.
Preloading 0 native plugins for Editor in 0.00 ms.
Unloading 4398 Unused Serialized files (Serialized files now loaded: 0)
Unloading 91 unused Assets / (2.0 MB). Loaded Objects now: 4838.
Memory consumption went from 171.1 MB to 169.1 MB.
Total: 4.308000 ms (FindLiveObjects: 0.366400 ms CreateObjectMapping: 0.174300 ms MarkObjects: 2.785800 ms  DeleteObjects: 0.980400 ms)

AssetImportParameters requested are different than current active one (requested -> active):
  custom:container-demuxer-ogg: 62fdf1f143b41e24485cea50d1cbac27 -> 
  custom:video-codec-MediaFoundation-h265: 746d11721c4dcdbdad8f713fa42b33f4 -> 
  custom:video-decoder-ogg-theora: a1e56fd34408186e4bbccfd4996cb3dc -> 
  custom:framework-win-MediaFoundation: 216162199b28c13a410421893ffa2e32 -> 
  custom:CustomObjectIndexerAttribute: 9a22284fe3817be447336de3de66b15e -> 
  custom:container-demuxer-webm: 4f35f7cbe854078d1ac9338744f61a02 -> 
  custom:container-muxer-webm: aa71ff27fc2769a1b78a27578f13a17b -> 
  custom:video-decoder-webm-vp8: 9c59270c3fd7afecdb556c50c9e8de78 -> 
  custom:SearchIndexIgnoredProperties: e643bd26f0fe6173181afceb89e7c659 -> 
  custom:AudioImporter_EditorPlatform: d09bf68614088b80899f8185d706f6e7 -> 
  custom:video-encoder-webm-vp8: eb34c28f22e8b96e1ab97ce403110664 -> 
  custom:audio-decoder-ogg-vorbis: bf7c407c2cedff20999df2af8eb42d56 -> 
  custom:audio-encoder-webm-vorbis: bf7c407c2cedff20999df2af8eb42d56 -> 
========================================================================
Received Import Request.
  Time since last request: 1382.778151 seconds.
  path: Assets/Spine/Runtime/spine-unity/Materials/UI-StraightAlphaTex/CanvasGroup/SkeletonGraphicFill-CanvasGroupStraight.mat
  artifactKey: Guid(f20a217b20de2144bb4e78833d9b7241) Importer(815301076,1909f56bfc062723c751e8b465ee728b)
Start importing Assets/Spine/Runtime/spine-unity/Materials/UI-StraightAlphaTex/CanvasGroup/SkeletonGraphicFill-CanvasGroupStraight.mat using Guid(f20a217b20de2144bb4e78833d9b7241) Importer(815301076,1909f56bfc062723c751e8b465ee728b)  -> (artifact id: '63abfa4e34af173372cc86588adc08aa') in 0.170164 seconds
Number of updated asset objects reloaded before import = 0
Number of asset objects unloaded after import = 1
========================================================================
Received Import Request.
  Time since last request: 0.000039 seconds.
  path: Assets/Spine/Runtime/spine-unity/Materials/UI-PMATexture/SkeletonGraphicDefaultOutline.mat
  artifactKey: Guid(c4ee0f8f4be17434aa3df5774a03b366) Importer(815301076,1909f56bfc062723c751e8b465ee728b)
Start importing Assets/Spine/Runtime/spine-unity/Materials/UI-PMATexture/SkeletonGraphicDefaultOutline.mat using Guid(c4ee0f8f4be17434aa3df5774a03b366) Importer(815301076,1909f56bfc062723c751e8b465ee728b)  -> (artifact id: 'b259d338aacecdd4afbade1f4bdfa491') in 0.161248 seconds
Number of updated asset objects reloaded before import = 0
Number of asset objects unloaded after import = 2
========================================================================
Received Import Request.
  Time since last request: 0.000017 seconds.
  path: Assets/Spine/Runtime/spine-unity/Materials/UI-StraightAlphaTex/CanvasGroup/SkeletonGraphicDefaultOutline-CanvasGroupStraight.mat
  artifactKey: Guid(f4c1f1de25ff57e488c98341f4d48349) Importer(815301076,1909f56bfc062723c751e8b465ee728b)
Start importing Assets/Spine/Runtime/spine-unity/Materials/UI-StraightAlphaTex/CanvasGroup/SkeletonGraphicDefaultOutline-CanvasGroupStraight.mat using Guid(f4c1f1de25ff57e488c98341f4d48349) Importer(815301076,1909f56bfc062723c751e8b465ee728b)  -> (artifact id: 'ac56a3d912caa7a7a328baf9ceffcf83') in 0.045745 seconds
Number of updated asset objects reloaded before import = 0
Number of asset objects unloaded after import = 2
========================================================================
Received Import Request.
  Time since last request: 0.000013 seconds.
  path: Assets/Spine/Runtime/spine-unity/Materials/UI-PMATexture/SkeletonGraphicMultiply.mat
  artifactKey: Guid(e74a1f8978a7da348a721508d0d58834) Importer(815301076,1909f56bfc062723c751e8b465ee728b)
Start importing Assets/Spine/Runtime/spine-unity/Materials/UI-PMATexture/SkeletonGraphicMultiply.mat using Guid(e74a1f8978a7da348a721508d0d58834) Importer(815301076,1909f56bfc062723c751e8b465ee728b)  -> (artifact id: 'f0f4185a514408b2fc53dbbd7b6adb7e') in 0.009586 seconds
Number of updated asset objects reloaded before import = 0
Number of asset objects unloaded after import = 1
========================================================================
Received Import Request.
  Time since last request: 0.000019 seconds.
  path: Assets/Spine/Runtime/spine-unity/Materials/UI-StraightAlphaTex/SkeletonGraphicMultiply-Straight.mat
  artifactKey: Guid(508e91b626e5c3d4690de05ff2dc80f3) Importer(815301076,1909f56bfc062723c751e8b465ee728b)
Start importing Assets/Spine/Runtime/spine-unity/Materials/UI-StraightAlphaTex/SkeletonGraphicMultiply-Straight.mat using Guid(508e91b626e5c3d4690de05ff2dc80f3) Importer(815301076,1909f56bfc062723c751e8b465ee728b)  -> (artifact id: 'fac481be1c1cafe3c6b130a6cf8f5bcc') in 0.049980 seconds
Number of updated asset objects reloaded before import = 0
Number of asset objects unloaded after import = 1
========================================================================
Received Import Request.
  Time since last request: 0.000030 seconds.
  path: Assets/Spine/Runtime/spine-unity/Materials/UI-PMATexture/SkeletonGraphicTintBlack.mat
  artifactKey: Guid(cfcea0e11aa80bb4b8d05790b905fc31) Importer(815301076,1909f56bfc062723c751e8b465ee728b)
Start importing Assets/Spine/Runtime/spine-unity/Materials/UI-PMATexture/SkeletonGraphicTintBlack.mat using Guid(cfcea0e11aa80bb4b8d05790b905fc31) Importer(815301076,1909f56bfc062723c751e8b465ee728b)  -> (artifact id: '78b4a0b1d5241e38c1106e8c33644659') in 0.013970 seconds
Number of updated asset objects reloaded before import = 0
Number of asset objects unloaded after import = 1
========================================================================
Received Import Request.
  Time since last request: 0.000017 seconds.
  path: Assets/Spine/Runtime/spine-unity/Materials/UI-PMATexture/CanvasGroup/SkeletonGraphicMultiply-CanvasGroup.mat
  artifactKey: Guid(7a74ac6c9b6638f4991ecdb090b8d5e0) Importer(815301076,1909f56bfc062723c751e8b465ee728b)
Start importing Assets/Spine/Runtime/spine-unity/Materials/UI-PMATexture/CanvasGroup/SkeletonGraphicMultiply-CanvasGroup.mat using Guid(7a74ac6c9b6638f4991ecdb090b8d5e0) Importer(815301076,1909f56bfc062723c751e8b465ee728b)  -> (artifact id: '30ce2105f1fcd45cd9f98eac405a92ad') in 0.042588 seconds
Number of updated asset objects reloaded before import = 0
Number of asset objects unloaded after import = 1
========================================================================
Received Import Request.
  Time since last request: 0.000021 seconds.
  path: Assets/Spine/Runtime/spine-unity/Materials/UI-StraightAlphaTex/CanvasGroup/SkeletonGraphicMultiply-CanvasGroupStraight.mat
  artifactKey: Guid(3443e8731ab8eb34eb6262c5673fb8a0) Importer(815301076,1909f56bfc062723c751e8b465ee728b)
Start importing Assets/Spine/Runtime/spine-unity/Materials/UI-StraightAlphaTex/CanvasGroup/SkeletonGraphicMultiply-CanvasGroupStraight.mat using Guid(3443e8731ab8eb34eb6262c5673fb8a0) Importer(815301076,1909f56bfc062723c751e8b465ee728b)  -> (artifact id: 'c8c2ed489df4d427b281bbfa8a2bac55') in 0.029830 seconds
Number of updated asset objects reloaded before import = 0
Number of asset objects unloaded after import = 1
========================================================================
Received Import Request.
  Time since last request: 0.000022 seconds.
  path: Assets/Spine/Runtime/spine-unity/Materials/UI-PMATexture/CanvasGroup/SkeletonGraphicTintBlack-CanvasGroup.mat
  artifactKey: Guid(9af1ae5066792d3498617d1d9924e7df) Importer(815301076,1909f56bfc062723c751e8b465ee728b)
Start importing Assets/Spine/Runtime/spine-unity/Materials/UI-PMATexture/CanvasGroup/SkeletonGraphicTintBlack-CanvasGroup.mat using Guid(9af1ae5066792d3498617d1d9924e7df) Importer(815301076,1909f56bfc062723c751e8b465ee728b)  -> (artifact id: '6119e908ba63ca4d11dfdbff56e67e71') in 0.324218 seconds
Number of updated asset objects reloaded before import = 0
Number of asset objects unloaded after import = 1
========================================================================
Received Import Request.
  Time since last request: 0.000023 seconds.
  path: Assets/Spine/Runtime/spine-unity/Materials/UI-StraightAlphaTex/CanvasGroup/SkeletonGraphicScreen-CanvasGroupStraight.mat
  artifactKey: Guid(47ab35b3338fe304b93e693445fe40ac) Importer(815301076,1909f56bfc062723c751e8b465ee728b)
Start importing Assets/Spine/Runtime/spine-unity/Materials/UI-StraightAlphaTex/CanvasGroup/SkeletonGraphicScreen-CanvasGroupStraight.mat using Guid(47ab35b3338fe304b93e693445fe40ac) Importer(815301076,1909f56bfc062723c751e8b465ee728b)  -> (artifact id: 'e18f5e96de06c9b4211c840ee308e850') in 0.047085 seconds
Number of updated asset objects reloaded before import = 0
Number of asset objects unloaded after import = 1
========================================================================
Received Import Request.
  Time since last request: 0.000030 seconds.
  path: Assets/Spine/Runtime/spine-unity/Materials/UI-PMATexture/SkeletonGraphicTintBlackMultiply.mat
  artifactKey: Guid(bcf75a2565a7dbd47b3332aa48adc5d7) Importer(815301076,1909f56bfc062723c751e8b465ee728b)
Start importing Assets/Spine/Runtime/spine-unity/Materials/UI-PMATexture/SkeletonGraphicTintBlackMultiply.mat using Guid(bcf75a2565a7dbd47b3332aa48adc5d7) Importer(815301076,1909f56bfc062723c751e8b465ee728b)  -> (artifact id: '5df03c8793b4af241a7cac19dd922b0b') in 0.022032 seconds
Number of updated asset objects reloaded before import = 0
Number of asset objects unloaded after import = 1
========================================================================
Received Import Request.
  Time since last request: 0.000016 seconds.
  path: Assets/Spine/Runtime/spine-unity/Materials/UI-PMATexture/SkeletonGraphicScreen.mat
  artifactKey: Guid(bab24c479f34eec45be6ea8595891569) Importer(815301076,1909f56bfc062723c751e8b465ee728b)
Start importing Assets/Spine/Runtime/spine-unity/Materials/UI-PMATexture/SkeletonGraphicScreen.mat using Guid(bab24c479f34eec45be6ea8595891569) Importer(815301076,1909f56bfc062723c751e8b465ee728b)  -> (artifact id: '60a28f071dbe23536c740663a61518bd') in 0.006355 seconds
Number of updated asset objects reloaded before import = 0
Number of asset objects unloaded after import = 1
========================================================================
Received Import Request.
  Time since last request: 0.000024 seconds.
  path: Assets/Spine/Runtime/spine-unity/Materials/UI-PMATexture/CanvasGroup/SkeletonGraphicTintBlackAdditive-CanvasGroup.mat
  artifactKey: Guid(71b432e36e1e9ce4083abb515b314c4c) Importer(815301076,1909f56bfc062723c751e8b465ee728b)
Start importing Assets/Spine/Runtime/spine-unity/Materials/UI-PMATexture/CanvasGroup/SkeletonGraphicTintBlackAdditive-CanvasGroup.mat using Guid(71b432e36e1e9ce4083abb515b314c4c) Importer(815301076,1909f56bfc062723c751e8b465ee728b)  -> (artifact id: '9540702136de2a8204ecc9e3ebcd6c57') in 0.039517 seconds
Number of updated asset objects reloaded before import = 0
Number of asset objects unloaded after import = 1
========================================================================
Received Import Request.
  Time since last request: 1.183104 seconds.
  path: Assets/Spine/Runtime/spine-unity/Materials/UI-PMATexture/SkeletonGraphicTintBlackOutline.mat
  artifactKey: Guid(94fe565c79b0aeb418cd05e4f1f8343c) Importer(815301076,1909f56bfc062723c751e8b465ee728b)
Start importing Assets/Spine/Runtime/spine-unity/Materials/UI-PMATexture/SkeletonGraphicTintBlackOutline.mat using Guid(94fe565c79b0aeb418cd05e4f1f8343c) Importer(815301076,1909f56bfc062723c751e8b465ee728b)  -> (artifact id: '186150b9834a49b68629fdaddd7e64a0') in 0.022268 seconds
Number of updated asset objects reloaded before import = 0
Number of asset objects unloaded after import = 3
========================================================================
Received Import Request.
  Time since last request: 0.000930 seconds.
  path: Assets/Spine/Runtime/spine-unity/Materials/UI-PMATexture/SkeletonGraphicTintBlackScreen.mat
  artifactKey: Guid(aa5f8f03ad4de5349a8233c00993ffcf) Importer(815301076,1909f56bfc062723c751e8b465ee728b)
Start importing Assets/Spine/Runtime/spine-unity/Materials/UI-PMATexture/SkeletonGraphicTintBlackScreen.mat using Guid(aa5f8f03ad4de5349a8233c00993ffcf) Importer(815301076,1909f56bfc062723c751e8b465ee728b)  -> (artifact id: '1d6f5fbeb3b5af463c7ca795dddb35a5') in 0.010867 seconds
Number of updated asset objects reloaded before import = 0
Number of asset objects unloaded after import = 1
========================================================================
Received Import Request.
  Time since last request: 0.000019 seconds.
  path: Assets/Spine/Runtime/spine-unity/Materials/UI-PMATexture/CanvasGroup/SkeletonGraphicTintBlackScreen-CanvasGroup.mat
  artifactKey: Guid(7571633a9d682cc4caa501e8d7fbd1c3) Importer(815301076,1909f56bfc062723c751e8b465ee728b)
Start importing Assets/Spine/Runtime/spine-unity/Materials/UI-PMATexture/CanvasGroup/SkeletonGraphicTintBlackScreen-CanvasGroup.mat using Guid(7571633a9d682cc4caa501e8d7fbd1c3) Importer(815301076,1909f56bfc062723c751e8b465ee728b)  -> (artifact id: 'c762c7b00e45599c77385105a1a11f1f') in 0.043177 seconds
Number of updated asset objects reloaded before import = 0
Number of asset objects unloaded after import = 1
========================================================================
Received Import Request.
  Time since last request: 0.000015 seconds.
  path: Assets/Spine Examples/Spine Skeletons/snowglobe/snowglobe-pma_snowglobe-pma.mat
  artifactKey: Guid(bc273223b04e8cb4dbbc77a27f38cc65) Importer(815301076,1909f56bfc062723c751e8b465ee728b)
Start importing Assets/Spine Examples/Spine Skeletons/snowglobe/snowglobe-pma_snowglobe-pma.mat using Guid(bc273223b04e8cb4dbbc77a27f38cc65) Importer(815301076,1909f56bfc062723c751e8b465ee728b)  -> (artifact id: '13e7d8a2d2691e3fcc6afc5b405ba137') in 0.187038 seconds
Number of updated asset objects reloaded before import = 0
Number of asset objects unloaded after import = 2
========================================================================
Received Import Request.
  Time since last request: 0.000019 seconds.
  path: Assets/Spine Examples/Spine Skeletons/spineboy-unity/spineboy_Material Fill.mat
  artifactKey: Guid(128e02fa6a4f5964fa898757a425b354) Importer(815301076,1909f56bfc062723c751e8b465ee728b)
Start importing Assets/Spine Examples/Spine Skeletons/spineboy-unity/spineboy_Material Fill.mat using Guid(128e02fa6a4f5964fa898757a425b354) Importer(815301076,1909f56bfc062723c751e8b465ee728b)  -> (artifact id: '5b20364a4911bb632596d4baa7c8d9d2') in 0.135763 seconds
Number of updated asset objects reloaded before import = 0
Number of asset objects unloaded after import = 2
========================================================================
Received Import Request.
  Time since last request: 0.000077 seconds.
  path: Assets/Spine Examples/Spine Skeletons/snowglobe/snowglobe-pma_snowglobe-pma_2.mat
  artifactKey: Guid(c0f19210b249a30418ba777c6dbdd1f3) Importer(815301076,1909f56bfc062723c751e8b465ee728b)
Start importing Assets/Spine Examples/Spine Skeletons/snowglobe/snowglobe-pma_snowglobe-pma_2.mat using Guid(c0f19210b249a30418ba777c6dbdd1f3) Importer(815301076,1909f56bfc062723c751e8b465ee728b)  -> (artifact id: '768095a7f45825547692e610b5d59b61') in 0.316799 seconds
Number of updated asset objects reloaded before import = 0
Number of asset objects unloaded after import = 2
========================================================================
Received Import Request.
  Time since last request: 0.000018 seconds.
  path: Assets/Spine Examples/Spine Skeletons/whirlyblendmodes/whirlyblendmodes_Material-Additive.mat
  artifactKey: Guid(867b647cef55dcb43928a83908d96007) Importer(815301076,1909f56bfc062723c751e8b465ee728b)
Start importing Assets/Spine Examples/Spine Skeletons/whirlyblendmodes/whirlyblendmodes_Material-Additive.mat using Guid(867b647cef55dcb43928a83908d96007) Importer(815301076,1909f56bfc062723c751e8b465ee728b)  -> (artifact id: '46d5f05fcb3fc039525c06bb5fe9c77a') in 0.029649 seconds
Number of updated asset objects reloaded before import = 0
Number of asset objects unloaded after import = 2
========================================================================
Received Import Request.
  Time since last request: 0.000031 seconds.
  path: Assets/Spine Examples/Spine Skeletons/whirlyblendmodes/whirlyblendmodes_Material-Screen.mat
  artifactKey: Guid(1489a5bef834c9743bab2d5bd43168f1) Importer(815301076,1909f56bfc062723c751e8b465ee728b)
Start importing Assets/Spine Examples/Spine Skeletons/whirlyblendmodes/whirlyblendmodes_Material-Screen.mat using Guid(1489a5bef834c9743bab2d5bd43168f1) Importer(815301076,1909f56bfc062723c751e8b465ee728b)  -> (artifact id: '6ef0ee49b97f5830b880e45db78e0acc') in 0.105608 seconds
Number of updated asset objects reloaded before import = 0
Number of asset objects unloaded after import = 2
========================================================================
Received Import Request.
  Time since last request: 0.000016 seconds.
  path: Assets/Spine Examples/Spine Skeletons/snowglobe/snowglobe-pma_snowglobe-pma_4.mat
  artifactKey: Guid(2944e525a4bfee14b8c5067246eb3e39) Importer(815301076,1909f56bfc062723c751e8b465ee728b)
Start importing Assets/Spine Examples/Spine Skeletons/snowglobe/snowglobe-pma_snowglobe-pma_4.mat using Guid(2944e525a4bfee14b8c5067246eb3e39) Importer(815301076,1909f56bfc062723c751e8b465ee728b)  -> (artifact id: 'f0614249e9c76dc17176ad84eb387d81') in 0.242777 seconds
Number of updated asset objects reloaded before import = 0
Number of asset objects unloaded after import = 2
========================================================================
Received Import Request.
  Time since last request: 0.000022 seconds.
  path: Assets/TextMesh Pro/Examples & Extras/Materials/Small Crate_diffuse.mat
  artifactKey: Guid(22262639920f43d6be32430e4e58350d) Importer(815301076,1909f56bfc062723c751e8b465ee728b)
Start importing Assets/TextMesh Pro/Examples & Extras/Materials/Small Crate_diffuse.mat using Guid(22262639920f43d6be32430e4e58350d) Importer(815301076,1909f56bfc062723c751e8b465ee728b)  -> (artifact id: 'af7f7bb1eddded62608bcb5320485059') in 0.189226 seconds
Number of updated asset objects reloaded before import = 0
Number of asset objects unloaded after import = 3
========================================================================
Received Import Request.
  Time since last request: 5.076143 seconds.
  path: Assets/Spine/Runtime/spine-unity/Materials/UI-StraightAlphaTex/SkeletonGraphicDefault-Straight.mat
  artifactKey: Guid(9c6ec24bca5fc42489fe47358fef0d4a) Importer(815301076,1909f56bfc062723c751e8b465ee728b)
Start importing Assets/Spine/Runtime/spine-unity/Materials/UI-StraightAlphaTex/SkeletonGraphicDefault-Straight.mat using Guid(9c6ec24bca5fc42489fe47358fef0d4a) Importer(815301076,1909f56bfc062723c751e8b465ee728b)  -> (artifact id: '846fb72f2e5f59d8299ac2a9eca56c94') in 0.041529 seconds
Number of updated asset objects reloaded before import = 0
Number of asset objects unloaded after import = 1
Editor requested this worker to shutdown with reason: Scaling down because of idle timeout
TcpMessagingSession - receive error: operation aborted. errorcode: 995, details: ќпераци€ ввода/вывода была прервана из-за завершени€ потока команд или по запросу приложени€.
AssetImportWorker is now disconnected from the server
Process exiting
Exiting without the bug reporter. Application will terminate with return code 0